[0.093s] DEBUG:colcon:Command line arguments: ['/usr/bin/colcon', 'build', '--symlink-install', '--packages-select', 'my_robot_package']
[0.093s] DEBUG:colcon:Parsed command line arguments: Namespace(log_base=None, log_level=None, verb_name='build', build_base='build', install_base='install', merge_install=False, symlink_install=True, test_result_base=None, continue_on_error=False, executor='parallel', parallel_workers=4, event_handlers=None, ignore_user_meta=False, metas=['./colcon.meta'], base_paths=['.'], packages_ignore=None, packages_ignore_regex=None, paths=None, packages_up_to=None, packages_up_to_regex=None, packages_above=None, packages_above_and_dependencies=None, packages_above_depth=None, packages_select_by_dep=None, packages_skip_by_dep=None, packages_skip_up_to=None, packages_select_build_failed=False, packages_skip_build_finished=False, packages_select_test_failures=False, packages_skip_test_passed=False, packages_select=['my_robot_package'], packages_skip=None, packages_select_regex=None, packages_skip_regex=None, packages_start=None, packages_end=None, allow_overriding=[], cmake_args=None, cmake_target=None, cmake_target_skip_unavailable=False, cmake_clean_cache=False, cmake_clean_first=False, cmake_force_configure=False, ament_cmake_args=None, catkin_cmake_args=None, catkin_skip_building_tests=False, mixin_files=None, mixin=None, verb_parser=<colcon_mixin.mixin.mixin_argument.MixinArgumentDecorator object at 0x7f9243139a50>, verb_extension=<colcon_core.verb.build.BuildVerb object at 0x7f92431394e0>, main=<bound method BuildVerb.main of <colcon_core.verb.build.BuildVerb object at 0x7f92431394e0>>, mixin_verb=('build',))
[0.242s] Level 1:colcon.colcon_core.package_discovery:discover_packages(colcon_meta) check parameters
[0.242s] Level 1:colcon.colcon_core.package_discovery:discover_packages(recursive) check parameters
[0.243s] Level 1:colcon.colcon_core.package_discovery:discover_packages(ignore) check parameters
[0.243s] Level 1:colcon.colcon_core.package_discovery:discover_packages(path) check parameters
[0.243s] Level 1:colcon.colcon_core.package_discovery:discover_packages(colcon_meta) discover
[0.243s] Level 1:colcon.colcon_core.package_discovery:discover_packages(recursive) discover
[0.243s] INFO:colcon.colcon_core.package_discovery:Crawling recursively for packages in '/home/eelis/Desktop/underwaterAutonomousRobot'
[0.243s] Level 1:colcon.colcon_core.package_identification:_identify(.) by extensions ['ignore', 'ignore_ament_install']
[0.243s] Level 1:colcon.colcon_core.package_identification:_identify(.) by extension 'ignore'
[0.243s] Level 1:colcon.colcon_core.package_identification:_identify(.) by extension 'ignore_ament_install'
[0.243s] Level 1:colcon.colcon_core.package_identification:_identify(.) by extensions ['colcon_pkg']
[0.243s] Level 1:colcon.colcon_core.package_identification:_identify(.) by extension 'colcon_pkg'
[0.243s] Level 1:colcon.colcon_core.package_identification:_identify(.) by extensions ['colcon_meta']
[0.243s] Level 1:colcon.colcon_core.package_identification:_identify(.) by extension 'colcon_meta'
[0.243s] Level 1:colcon.colcon_core.package_identification:_identify(.) by extensions ['ros']
[0.243s] Level 1:colcon.colcon_core.package_identification:_identify(.) by extension 'ros'
[0.271s] Level 1:colcon.colcon_core.package_identification:_identify(.) by extensions ['cmake', 'python']
[0.271s] Level 1:colcon.colcon_core.package_identification:_identify(.) by extension 'cmake'
[0.271s] Level 1:colcon.colcon_core.package_identification:_identify(.) by extension 'python'
[0.271s] Level 1:colcon.colcon_core.package_identification:_identify(.) by extensions ['python_setup_py']
[0.271s] Level 1:colcon.colcon_core.package_identification:_identify(.) by extension 'python_setup_py'
[0.271s] Level 1:colcon.colcon_core.package_identification:_identify(UAR) by extensions ['ignore', 'ignore_ament_install']
[0.271s] Level 1:colcon.colcon_core.package_identification:_identify(UAR) by extension 'ignore'
[0.271s] Level 1:colcon.colcon_core.package_identification:_identify(UAR) by extension 'ignore_ament_install'
[0.271s] Level 1:colcon.colcon_core.package_identification:_identify(UAR) by extensions ['colcon_pkg']
[0.271s] Level 1:colcon.colcon_core.package_identification:_identify(UAR) by extension 'colcon_pkg'
[0.271s] Level 1:colcon.colcon_core.package_identification:_identify(UAR) by extensions ['colcon_meta']
[0.271s] Level 1:colcon.colcon_core.package_identification:_identify(UAR) by extension 'colcon_meta'
[0.271s] Level 1:colcon.colcon_core.package_identification:_identify(UAR) by extensions ['ros']
[0.271s] Level 1:colcon.colcon_core.package_identification:_identify(UAR) by extension 'ros'
[0.271s] Level 1:colcon.colcon_core.package_identification:_identify(UAR) by extensions ['cmake', 'python']
[0.271s] Level 1:colcon.colcon_core.package_identification:_identify(UAR) by extension 'cmake'
[0.271s] Level 1:colcon.colcon_core.package_identification:_identify(UAR) by extension 'python'
[0.271s] Level 1:colcon.colcon_core.package_identification:_identify(UAR) by extensions ['python_setup_py']
[0.271s] Level 1:colcon.colcon_core.package_identification:_identify(UAR) by extension 'python_setup_py'
[0.271s] Level 1:colcon.colcon_core.package_identification:_identify(background material) by extensions ['ignore', 'ignore_ament_install']
[0.272s] Level 1:colcon.colcon_core.package_identification:_identify(background material) by extension 'ignore'
[0.272s] Level 1:colcon.colcon_core.package_identification:_identify(background material) by extension 'ignore_ament_install'
[0.272s] Level 1:colcon.colcon_core.package_identification:_identify(background material) by extensions ['colcon_pkg']
[0.272s] Level 1:colcon.colcon_core.package_identification:_identify(background material) by extension 'colcon_pkg'
[0.272s] Level 1:colcon.colcon_core.package_identification:_identify(background material) by extensions ['colcon_meta']
[0.272s] Level 1:colcon.colcon_core.package_identification:_identify(background material) by extension 'colcon_meta'
[0.272s] Level 1:colcon.colcon_core.package_identification:_identify(background material) by extensions ['ros']
[0.272s] Level 1:colcon.colcon_core.package_identification:_identify(background material) by extension 'ros'
[0.272s] Level 1:colcon.colcon_core.package_identification:_identify(background material) by extensions ['cmake', 'python']
[0.272s] Level 1:colcon.colcon_core.package_identification:_identify(background material) by extension 'cmake'
[0.272s] Level 1:colcon.colcon_core.package_identification:_identify(background material) by extension 'python'
[0.272s] Level 1:colcon.colcon_core.package_identification:_identify(background material) by extensions ['python_setup_py']
[0.272s] Level 1:colcon.colcon_core.package_identification:_identify(background material) by extension 'python_setup_py'
[0.272s] Level 1:colcon.colcon_core.package_identification:_identify(build) by extensions ['ignore', 'ignore_ament_install']
[0.272s] Level 1:colcon.colcon_core.package_identification:_identify(build) by extension 'ignore'
[0.272s] Level 1:colcon.colcon_core.package_identification:_identify(build) ignored
[0.272s] Level 1:colcon.colcon_core.package_identification:_identify(install) by extensions ['ignore', 'ignore_ament_install']
[0.272s] Level 1:colcon.colcon_core.package_identification:_identify(install) by extension 'ignore'
[0.272s] Level 1:colcon.colcon_core.package_identification:_identify(install) ignored
[0.272s] Level 1:colcon.colcon_core.package_identification:_identify(log) by extensions ['ignore', 'ignore_ament_install']
[0.273s] Level 1:colcon.colcon_core.package_identification:_identify(log) by extension 'ignore'
[0.273s] Level 1:colcon.colcon_core.package_identification:_identify(log) ignored
[0.273s] Level 1:colcon.colcon_core.package_identification:_identify(ros2_ws) by extensions ['ignore', 'ignore_ament_install']
[0.273s] Level 1:colcon.colcon_core.package_identification:_identify(ros2_ws) by extension 'ignore'
[0.273s] Level 1:colcon.colcon_core.package_identification:_identify(ros2_ws) by extension 'ignore_ament_install'
[0.273s] Level 1:colcon.colcon_core.package_identification:_identify(ros2_ws) by extensions ['colcon_pkg']
[0.273s] Level 1:colcon.colcon_core.package_identification:_identify(ros2_ws) by extension 'colcon_pkg'
[0.273s] Level 1:colcon.colcon_core.package_identification:_identify(ros2_ws) by extensions ['colcon_meta']
[0.273s] Level 1:colcon.colcon_core.package_identification:_identify(ros2_ws) by extension 'colcon_meta'
[0.273s] Level 1:colcon.colcon_core.package_identification:_identify(ros2_ws) by extensions ['ros']
[0.273s] Level 1:colcon.colcon_core.package_identification:_identify(ros2_ws) by extension 'ros'
[0.273s] Level 1:colcon.colcon_core.package_identification:_identify(ros2_ws) by extensions ['cmake', 'python']
[0.273s] Level 1:colcon.colcon_core.package_identification:_identify(ros2_ws) by extension 'cmake'
[0.273s] Level 1:colcon.colcon_core.package_identification:_identify(ros2_ws) by extension 'python'
[0.273s] Level 1:colcon.colcon_core.package_identification:_identify(ros2_ws) by extensions ['python_setup_py']
[0.273s] Level 1:colcon.colcon_core.package_identification:_identify(ros2_ws) by extension 'python_setup_py'
[0.273s] Level 1:colcon.colcon_core.package_identification:_identify(ros2_ws/build) by extensions ['ignore', 'ignore_ament_install']
[0.273s] Level 1:colcon.colcon_core.package_identification:_identify(ros2_ws/build) by extension 'ignore'
[0.273s] Level 1:colcon.colcon_core.package_identification:_identify(ros2_ws/build) ignored
[0.273s] Level 1:colcon.colcon_core.package_identification:_identify(ros2_ws/install) by extensions ['ignore', 'ignore_ament_install']
[0.273s] Level 1:colcon.colcon_core.package_identification:_identify(ros2_ws/install) by extension 'ignore'
[0.274s] Level 1:colcon.colcon_core.package_identification:_identify(ros2_ws/install) ignored
[0.274s] Level 1:colcon.colcon_core.package_identification:_identify(ros2_ws/log) by extensions ['ignore', 'ignore_ament_install']
[0.274s] Level 1:colcon.colcon_core.package_identification:_identify(ros2_ws/log) by extension 'ignore'
[0.274s] Level 1:colcon.colcon_core.package_identification:_identify(ros2_ws/log) ignored
[0.274s] Level 1:colcon.colcon_core.package_identification:_identify(ros2_ws/src) by extensions ['ignore', 'ignore_ament_install']
[0.274s] Level 1:colcon.colcon_core.package_identification:_identify(ros2_ws/src) by extension 'ignore'
[0.274s] Level 1:colcon.colcon_core.package_identification:_identify(ros2_ws/src) by extension 'ignore_ament_install'
[0.274s] Level 1:colcon.colcon_core.package_identification:_identify(ros2_ws/src) by extensions ['colcon_pkg']
[0.274s] Level 1:colcon.colcon_core.package_identification:_identify(ros2_ws/src) by extension 'colcon_pkg'
[0.274s] Level 1:colcon.colcon_core.package_identification:_identify(ros2_ws/src) by extensions ['colcon_meta']
[0.274s] Level 1:colcon.colcon_core.package_identification:_identify(ros2_ws/src) by extension 'colcon_meta'
[0.274s] Level 1:colcon.colcon_core.package_identification:_identify(ros2_ws/src) by extensions ['ros']
[0.274s] Level 1:colcon.colcon_core.package_identification:_identify(ros2_ws/src) by extension 'ros'
[0.274s] Level 1:colcon.colcon_core.package_identification:_identify(ros2_ws/src) by extensions ['cmake', 'python']
[0.274s] Level 1:colcon.colcon_core.package_identification:_identify(ros2_ws/src) by extension 'cmake'
[0.274s] Level 1:colcon.colcon_core.package_identification:_identify(ros2_ws/src) by extension 'python'
[0.274s] Level 1:colcon.colcon_core.package_identification:_identify(ros2_ws/src) by extensions ['python_setup_py']
[0.274s] Level 1:colcon.colcon_core.package_identification:_identify(ros2_ws/src) by extension 'python_setup_py'
[0.274s] Level 1:colcon.colcon_core.package_identification:_identify(ros2_ws/src/my_robot_package) by extensions ['ignore', 'ignore_ament_install']
[0.275s] Level 1:colcon.colcon_core.package_identification:_identify(ros2_ws/src/my_robot_package) by extension 'ignore'
[0.275s] Level 1:colcon.colcon_core.package_identification:_identify(ros2_ws/src/my_robot_package) by extension 'ignore_ament_install'
[0.275s] Level 1:colcon.colcon_core.package_identification:_identify(ros2_ws/src/my_robot_package) by extensions ['colcon_pkg']
[0.275s] Level 1:colcon.colcon_core.package_identification:_identify(ros2_ws/src/my_robot_package) by extension 'colcon_pkg'
[0.275s] Level 1:colcon.colcon_core.package_identification:_identify(ros2_ws/src/my_robot_package) by extensions ['colcon_meta']
[0.275s] Level 1:colcon.colcon_core.package_identification:_identify(ros2_ws/src/my_robot_package) by extension 'colcon_meta'
[0.275s] Level 1:colcon.colcon_core.package_identification:_identify(ros2_ws/src/my_robot_package) by extensions ['ros']
[0.275s] Level 1:colcon.colcon_core.package_identification:_identify(ros2_ws/src/my_robot_package) by extension 'ros'
[0.277s] DEBUG:colcon.colcon_core.package_identification:Package 'ros2_ws/src/my_robot_package' with type 'ros.ament_cmake' and name 'my_robot_package'
[0.277s] Level 1:colcon.colcon_core.package_identification:_identify(waveshare) by extensions ['ignore', 'ignore_ament_install']
[0.277s] Level 1:colcon.colcon_core.package_identification:_identify(waveshare) by extension 'ignore'
[0.277s] Level 1:colcon.colcon_core.package_identification:_identify(waveshare) by extension 'ignore_ament_install'
[0.277s] Level 1:colcon.colcon_core.package_identification:_identify(waveshare) by extensions ['colcon_pkg']
[0.277s] Level 1:colcon.colcon_core.package_identification:_identify(waveshare) by extension 'colcon_pkg'
[0.277s] Level 1:colcon.colcon_core.package_identification:_identify(waveshare) by extensions ['colcon_meta']
[0.277s] Level 1:colcon.colcon_core.package_identification:_identify(waveshare) by extension 'colcon_meta'
[0.277s] Level 1:colcon.colcon_core.package_identification:_identify(waveshare) by extensions ['ros']
[0.277s] Level 1:colcon.colcon_core.package_identification:_identify(waveshare) by extension 'ros'
[0.277s] Level 1:colcon.colcon_core.package_identification:_identify(waveshare) by extensions ['cmake', 'python']
[0.277s] Level 1:colcon.colcon_core.package_identification:_identify(waveshare) by extension 'cmake'
[0.277s] Level 1:colcon.colcon_core.package_identification:_identify(waveshare) by extension 'python'
[0.277s] Level 1:colcon.colcon_core.package_identification:_identify(waveshare) by extensions ['python_setup_py']
[0.277s] Level 1:colcon.colcon_core.package_identification:_identify(waveshare) by extension 'python_setup_py'
[0.277s] Level 1:colcon.colcon_core.package_identification:_identify(waveshare/SIM7600G-H-4G-HAT-B-Demo) by extensions ['ignore', 'ignore_ament_install']
[0.278s] Level 1:colcon.colcon_core.package_identification:_identify(waveshare/SIM7600G-H-4G-HAT-B-Demo) by extension 'ignore'
[0.278s] Level 1:colcon.colcon_core.package_identification:_identify(waveshare/SIM7600G-H-4G-HAT-B-Demo) by extension 'ignore_ament_install'
[0.278s] Level 1:colcon.colcon_core.package_identification:_identify(waveshare/SIM7600G-H-4G-HAT-B-Demo) by extensions ['colcon_pkg']
[0.278s] Level 1:colcon.colcon_core.package_identification:_identify(waveshare/SIM7600G-H-4G-HAT-B-Demo) by extension 'colcon_pkg'
[0.278s] Level 1:colcon.colcon_core.package_identification:_identify(waveshare/SIM7600G-H-4G-HAT-B-Demo) by extensions ['colcon_meta']
[0.278s] Level 1:colcon.colcon_core.package_identification:_identify(waveshare/SIM7600G-H-4G-HAT-B-Demo) by extension 'colcon_meta'
[0.278s] Level 1:colcon.colcon_core.package_identification:_identify(waveshare/SIM7600G-H-4G-HAT-B-Demo) by extensions ['ros']
[0.278s] Level 1:colcon.colcon_core.package_identification:_identify(waveshare/SIM7600G-H-4G-HAT-B-Demo) by extension 'ros'
[0.278s] Level 1:colcon.colcon_core.package_identification:_identify(waveshare/SIM7600G-H-4G-HAT-B-Demo) by extensions ['cmake', 'python']
[0.278s] Level 1:colcon.colcon_core.package_identification:_identify(waveshare/SIM7600G-H-4G-HAT-B-Demo) by extension 'cmake'
[0.278s] Level 1:colcon.colcon_core.package_identification:_identify(waveshare/SIM7600G-H-4G-HAT-B-Demo) by extension 'python'
[0.278s] Level 1:colcon.colcon_core.package_identification:_identify(waveshare/SIM7600G-H-4G-HAT-B-Demo) by extensions ['python_setup_py']
[0.278s] Level 1:colcon.colcon_core.package_identification:_identify(waveshare/SIM7600G-H-4G-HAT-B-Demo) by extension 'python_setup_py'
[0.278s] Level 1:colcon.colcon_core.package_identification:_identify(waveshare/SIM7600G-H-4G-HAT-B-Demo/Raspberry) by extensions ['ignore', 'ignore_ament_install']
[0.278s] Level 1:colcon.colcon_core.package_identification:_identify(waveshare/SIM7600G-H-4G-HAT-B-Demo/Raspberry) by extension 'ignore'
[0.278s] Level 1:colcon.colcon_core.package_identification:_identify(waveshare/SIM7600G-H-4G-HAT-B-Demo/Raspberry) by extension 'ignore_ament_install'
[0.278s] Level 1:colcon.colcon_core.package_identification:_identify(waveshare/SIM7600G-H-4G-HAT-B-Demo/Raspberry) by extensions ['colcon_pkg']
[0.278s] Level 1:colcon.colcon_core.package_identification:_identify(waveshare/SIM7600G-H-4G-HAT-B-Demo/Raspberry) by extension 'colcon_pkg'
[0.278s] Level 1:colcon.colcon_core.package_identification:_identify(waveshare/SIM7600G-H-4G-HAT-B-Demo/Raspberry) by extensions ['colcon_meta']
[0.278s] Level 1:colcon.colcon_core.package_identification:_identify(waveshare/SIM7600G-H-4G-HAT-B-Demo/Raspberry) by extension 'colcon_meta'
[0.278s] Level 1:colcon.colcon_core.package_identification:_identify(waveshare/SIM7600G-H-4G-HAT-B-Demo/Raspberry) by extensions ['ros']
[0.278s] Level 1:colcon.colcon_core.package_identification:_identify(waveshare/SIM7600G-H-4G-HAT-B-Demo/Raspberry) by extension 'ros'
[0.278s] Level 1:colcon.colcon_core.package_identification:_identify(waveshare/SIM7600G-H-4G-HAT-B-Demo/Raspberry) by extensions ['cmake', 'python']
[0.279s] Level 1:colcon.colcon_core.package_identification:_identify(waveshare/SIM7600G-H-4G-HAT-B-Demo/Raspberry) by extension 'cmake'
[0.279s] Level 1:colcon.colcon_core.package_identification:_identify(waveshare/SIM7600G-H-4G-HAT-B-Demo/Raspberry) by extension 'python'
[0.279s] Level 1:colcon.colcon_core.package_identification:_identify(waveshare/SIM7600G-H-4G-HAT-B-Demo/Raspberry) by extensions ['python_setup_py']
[0.279s] Level 1:colcon.colcon_core.package_identification:_identify(waveshare/SIM7600G-H-4G-HAT-B-Demo/Raspberry) by extension 'python_setup_py'
[0.279s] Level 1:colcon.colcon_core.package_identification:_identify(waveshare/SIM7600G-H-4G-HAT-B-Demo/Raspberry/NDIS) by extensions ['ignore', 'ignore_ament_install']
[0.279s] Level 1:colcon.colcon_core.package_identification:_identify(waveshare/SIM7600G-H-4G-HAT-B-Demo/Raspberry/NDIS) by extension 'ignore'
[0.279s] Level 1:colcon.colcon_core.package_identification:_identify(waveshare/SIM7600G-H-4G-HAT-B-Demo/Raspberry/NDIS) by extension 'ignore_ament_install'
[0.279s] Level 1:colcon.colcon_core.package_identification:_identify(waveshare/SIM7600G-H-4G-HAT-B-Demo/Raspberry/NDIS) by extensions ['colcon_pkg']
[0.279s] Level 1:colcon.colcon_core.package_identification:_identify(waveshare/SIM7600G-H-4G-HAT-B-Demo/Raspberry/NDIS) by extension 'colcon_pkg'
[0.279s] Level 1:colcon.colcon_core.package_identification:_identify(waveshare/SIM7600G-H-4G-HAT-B-Demo/Raspberry/NDIS) by extensions ['colcon_meta']
[0.279s] Level 1:colcon.colcon_core.package_identification:_identify(waveshare/SIM7600G-H-4G-HAT-B-Demo/Raspberry/NDIS) by extension 'colcon_meta'
[0.279s] Level 1:colcon.colcon_core.package_identification:_identify(waveshare/SIM7600G-H-4G-HAT-B-Demo/Raspberry/NDIS) by extensions ['ros']
[0.279s] Level 1:colcon.colcon_core.package_identification:_identify(waveshare/SIM7600G-H-4G-HAT-B-Demo/Raspberry/NDIS) by extension 'ros'
[0.279s] Level 1:colcon.colcon_core.package_identification:_identify(waveshare/SIM7600G-H-4G-HAT-B-Demo/Raspberry/NDIS) by extensions ['cmake', 'python']
[0.279s] Level 1:colcon.colcon_core.package_identification:_identify(waveshare/SIM7600G-H-4G-HAT-B-Demo/Raspberry/NDIS) by extension 'cmake'
[0.279s] Level 1:colcon.colcon_core.package_identification:_identify(waveshare/SIM7600G-H-4G-HAT-B-Demo/Raspberry/NDIS) by extension 'python'
[0.279s] Level 1:colcon.colcon_core.package_identification:_identify(waveshare/SIM7600G-H-4G-HAT-B-Demo/Raspberry/NDIS) by extensions ['python_setup_py']
[0.279s] Level 1:colcon.colcon_core.package_identification:_identify(waveshare/SIM7600G-H-4G-HAT-B-Demo/Raspberry/NDIS) by extension 'python_setup_py'
[0.279s] Level 1:colcon.colcon_core.package_identification:_identify(waveshare/SIM7600G-H-4G-HAT-B-Demo/Raspberry/c) by extensions ['ignore', 'ignore_ament_install']
[0.279s] Level 1:colcon.colcon_core.package_identification:_identify(waveshare/SIM7600G-H-4G-HAT-B-Demo/Raspberry/c) by extension 'ignore'
[0.279s] Level 1:colcon.colcon_core.package_identification:_identify(waveshare/SIM7600G-H-4G-HAT-B-Demo/Raspberry/c) by extension 'ignore_ament_install'
[0.280s] Level 1:colcon.colcon_core.package_identification:_identify(waveshare/SIM7600G-H-4G-HAT-B-Demo/Raspberry/c) by extensions ['colcon_pkg']
[0.280s] Level 1:colcon.colcon_core.package_identification:_identify(waveshare/SIM7600G-H-4G-HAT-B-Demo/Raspberry/c) by extension 'colcon_pkg'
[0.280s] Level 1:colcon.colcon_core.package_identification:_identify(waveshare/SIM7600G-H-4G-HAT-B-Demo/Raspberry/c) by extensions ['colcon_meta']
[0.280s] Level 1:colcon.colcon_core.package_identification:_identify(waveshare/SIM7600G-H-4G-HAT-B-Demo/Raspberry/c) by extension 'colcon_meta'
[0.280s] Level 1:colcon.colcon_core.package_identification:_identify(waveshare/SIM7600G-H-4G-HAT-B-Demo/Raspberry/c) by extensions ['ros']
[0.280s] Level 1:colcon.colcon_core.package_identification:_identify(waveshare/SIM7600G-H-4G-HAT-B-Demo/Raspberry/c) by extension 'ros'
[0.280s] Level 1:colcon.colcon_core.package_identification:_identify(waveshare/SIM7600G-H-4G-HAT-B-Demo/Raspberry/c) by extensions ['cmake', 'python']
[0.280s] Level 1:colcon.colcon_core.package_identification:_identify(waveshare/SIM7600G-H-4G-HAT-B-Demo/Raspberry/c) by extension 'cmake'
[0.280s] Level 1:colcon.colcon_core.package_identification:_identify(waveshare/SIM7600G-H-4G-HAT-B-Demo/Raspberry/c) by extension 'python'
[0.280s] Level 1:colcon.colcon_core.package_identification:_identify(waveshare/SIM7600G-H-4G-HAT-B-Demo/Raspberry/c) by extensions ['python_setup_py']
[0.280s] Level 1:colcon.colcon_core.package_identification:_identify(waveshare/SIM7600G-H-4G-HAT-B-Demo/Raspberry/c) by extension 'python_setup_py'
[0.280s] Level 1:colcon.colcon_core.package_identification:_identify(waveshare/SIM7600G-H-4G-HAT-B-Demo/Raspberry/c/AT) by extensions ['ignore', 'ignore_ament_install']
[0.280s] Level 1:colcon.colcon_core.package_identification:_identify(waveshare/SIM7600G-H-4G-HAT-B-Demo/Raspberry/c/AT) by extension 'ignore'
[0.280s] Level 1:colcon.colcon_core.package_identification:_identify(waveshare/SIM7600G-H-4G-HAT-B-Demo/Raspberry/c/AT) by extension 'ignore_ament_install'
[0.280s] Level 1:colcon.colcon_core.package_identification:_identify(waveshare/SIM7600G-H-4G-HAT-B-Demo/Raspberry/c/AT) by extensions ['colcon_pkg']
[0.280s] Level 1:colcon.colcon_core.package_identification:_identify(waveshare/SIM7600G-H-4G-HAT-B-Demo/Raspberry/c/AT) by extension 'colcon_pkg'
[0.280s] Level 1:colcon.colcon_core.package_identification:_identify(waveshare/SIM7600G-H-4G-HAT-B-Demo/Raspberry/c/AT) by extensions ['colcon_meta']
[0.280s] Level 1:colcon.colcon_core.package_identification:_identify(waveshare/SIM7600G-H-4G-HAT-B-Demo/Raspberry/c/AT) by extension 'colcon_meta'
[0.280s] Level 1:colcon.colcon_core.package_identification:_identify(waveshare/SIM7600G-H-4G-HAT-B-Demo/Raspberry/c/AT) by extensions ['ros']
[0.280s] Level 1:colcon.colcon_core.package_identification:_identify(waveshare/SIM7600G-H-4G-HAT-B-Demo/Raspberry/c/AT) by extension 'ros'
[0.280s] Level 1:colcon.colcon_core.package_identification:_identify(waveshare/SIM7600G-H-4G-HAT-B-Demo/Raspberry/c/AT) by extensions ['cmake', 'python']
[0.280s] Level 1:colcon.colcon_core.package_identification:_identify(waveshare/SIM7600G-H-4G-HAT-B-Demo/Raspberry/c/AT) by extension 'cmake'
[0.281s] Level 1:colcon.colcon_core.package_identification:_identify(waveshare/SIM7600G-H-4G-HAT-B-Demo/Raspberry/c/AT) by extension 'python'
[0.281s] Level 1:colcon.colcon_core.package_identification:_identify(waveshare/SIM7600G-H-4G-HAT-B-Demo/Raspberry/c/AT) by extensions ['python_setup_py']
[0.281s] Level 1:colcon.colcon_core.package_identification:_identify(waveshare/SIM7600G-H-4G-HAT-B-Demo/Raspberry/c/AT) by extension 'python_setup_py'
[0.281s] Level 1:colcon.colcon_core.package_identification:_identify(waveshare/SIM7600G-H-4G-HAT-B-Demo/Raspberry/c/FTP) by extensions ['ignore', 'ignore_ament_install']
[0.281s] Level 1:colcon.colcon_core.package_identification:_identify(waveshare/SIM7600G-H-4G-HAT-B-Demo/Raspberry/c/FTP) by extension 'ignore'
[0.281s] Level 1:colcon.colcon_core.package_identification:_identify(waveshare/SIM7600G-H-4G-HAT-B-Demo/Raspberry/c/FTP) by extension 'ignore_ament_install'
[0.281s] Level 1:colcon.colcon_core.package_identification:_identify(waveshare/SIM7600G-H-4G-HAT-B-Demo/Raspberry/c/FTP) by extensions ['colcon_pkg']
[0.281s] Level 1:colcon.colcon_core.package_identification:_identify(waveshare/SIM7600G-H-4G-HAT-B-Demo/Raspberry/c/FTP) by extension 'colcon_pkg'
[0.281s] Level 1:colcon.colcon_core.package_identification:_identify(waveshare/SIM7600G-H-4G-HAT-B-Demo/Raspberry/c/FTP) by extensions ['colcon_meta']
[0.281s] Level 1:colcon.colcon_core.package_identification:_identify(waveshare/SIM7600G-H-4G-HAT-B-Demo/Raspberry/c/FTP) by extension 'colcon_meta'
[0.281s] Level 1:colcon.colcon_core.package_identification:_identify(waveshare/SIM7600G-H-4G-HAT-B-Demo/Raspberry/c/FTP) by extensions ['ros']
[0.281s] Level 1:colcon.colcon_core.package_identification:_identify(waveshare/SIM7600G-H-4G-HAT-B-Demo/Raspberry/c/FTP) by extension 'ros'
[0.281s] Level 1:colcon.colcon_core.package_identification:_identify(waveshare/SIM7600G-H-4G-HAT-B-Demo/Raspberry/c/FTP) by extensions ['cmake', 'python']
[0.281s] Level 1:colcon.colcon_core.package_identification:_identify(waveshare/SIM7600G-H-4G-HAT-B-Demo/Raspberry/c/FTP) by extension 'cmake'
[0.281s] Level 1:colcon.colcon_core.package_identification:_identify(waveshare/SIM7600G-H-4G-HAT-B-Demo/Raspberry/c/FTP) by extension 'python'
[0.281s] Level 1:colcon.colcon_core.package_identification:_identify(waveshare/SIM7600G-H-4G-HAT-B-Demo/Raspberry/c/FTP) by extensions ['python_setup_py']
[0.281s] Level 1:colcon.colcon_core.package_identification:_identify(waveshare/SIM7600G-H-4G-HAT-B-Demo/Raspberry/c/FTP) by extension 'python_setup_py'
[0.281s] Level 1:colcon.colcon_core.package_identification:_identify(waveshare/SIM7600G-H-4G-HAT-B-Demo/Raspberry/c/GPS) by extensions ['ignore', 'ignore_ament_install']
[0.281s] Level 1:colcon.colcon_core.package_identification:_identify(waveshare/SIM7600G-H-4G-HAT-B-Demo/Raspberry/c/GPS) by extension 'ignore'
[0.281s] Level 1:colcon.colcon_core.package_identification:_identify(waveshare/SIM7600G-H-4G-HAT-B-Demo/Raspberry/c/GPS) by extension 'ignore_ament_install'
[0.281s] Level 1:colcon.colcon_core.package_identification:_identify(waveshare/SIM7600G-H-4G-HAT-B-Demo/Raspberry/c/GPS) by extensions ['colcon_pkg']
[0.281s] Level 1:colcon.colcon_core.package_identification:_identify(waveshare/SIM7600G-H-4G-HAT-B-Demo/Raspberry/c/GPS) by extension 'colcon_pkg'
[0.282s] Level 1:colcon.colcon_core.package_identification:_identify(waveshare/SIM7600G-H-4G-HAT-B-Demo/Raspberry/c/GPS) by extensions ['colcon_meta']
[0.282s] Level 1:colcon.colcon_core.package_identification:_identify(waveshare/SIM7600G-H-4G-HAT-B-Demo/Raspberry/c/GPS) by extension 'colcon_meta'
[0.282s] Level 1:colcon.colcon_core.package_identification:_identify(waveshare/SIM7600G-H-4G-HAT-B-Demo/Raspberry/c/GPS) by extensions ['ros']
[0.282s] Level 1:colcon.colcon_core.package_identification:_identify(waveshare/SIM7600G-H-4G-HAT-B-Demo/Raspberry/c/GPS) by extension 'ros'
[0.282s] Level 1:colcon.colcon_core.package_identification:_identify(waveshare/SIM7600G-H-4G-HAT-B-Demo/Raspberry/c/GPS) by extensions ['cmake', 'python']
[0.282s] Level 1:colcon.colcon_core.package_identification:_identify(waveshare/SIM7600G-H-4G-HAT-B-Demo/Raspberry/c/GPS) by extension 'cmake'
[0.282s] Level 1:colcon.colcon_core.package_identification:_identify(waveshare/SIM7600G-H-4G-HAT-B-Demo/Raspberry/c/GPS) by extension 'python'
[0.282s] Level 1:colcon.colcon_core.package_identification:_identify(waveshare/SIM7600G-H-4G-HAT-B-Demo/Raspberry/c/GPS) by extensions ['python_setup_py']
[0.282s] Level 1:colcon.colcon_core.package_identification:_identify(waveshare/SIM7600G-H-4G-HAT-B-Demo/Raspberry/c/GPS) by extension 'python_setup_py'
[0.282s] Level 1:colcon.colcon_core.package_identification:_identify(waveshare/SIM7600G-H-4G-HAT-B-Demo/Raspberry/c/PhoneCall) by extensions ['ignore', 'ignore_ament_install']
[0.282s] Level 1:colcon.colcon_core.package_identification:_identify(waveshare/SIM7600G-H-4G-HAT-B-Demo/Raspberry/c/PhoneCall) by extension 'ignore'
[0.282s] Level 1:colcon.colcon_core.package_identification:_identify(waveshare/SIM7600G-H-4G-HAT-B-Demo/Raspberry/c/PhoneCall) by extension 'ignore_ament_install'
[0.282s] Level 1:colcon.colcon_core.package_identification:_identify(waveshare/SIM7600G-H-4G-HAT-B-Demo/Raspberry/c/PhoneCall) by extensions ['colcon_pkg']
[0.282s] Level 1:colcon.colcon_core.package_identification:_identify(waveshare/SIM7600G-H-4G-HAT-B-Demo/Raspberry/c/PhoneCall) by extension 'colcon_pkg'
[0.282s] Level 1:colcon.colcon_core.package_identification:_identify(waveshare/SIM7600G-H-4G-HAT-B-Demo/Raspberry/c/PhoneCall) by extensions ['colcon_meta']
[0.282s] Level 1:colcon.colcon_core.package_identification:_identify(waveshare/SIM7600G-H-4G-HAT-B-Demo/Raspberry/c/PhoneCall) by extension 'colcon_meta'
[0.282s] Level 1:colcon.colcon_core.package_identification:_identify(waveshare/SIM7600G-H-4G-HAT-B-Demo/Raspberry/c/PhoneCall) by extensions ['ros']
[0.282s] Level 1:colcon.colcon_core.package_identification:_identify(waveshare/SIM7600G-H-4G-HAT-B-Demo/Raspberry/c/PhoneCall) by extension 'ros'
[0.282s] Level 1:colcon.colcon_core.package_identification:_identify(waveshare/SIM7600G-H-4G-HAT-B-Demo/Raspberry/c/PhoneCall) by extensions ['cmake', 'python']
[0.282s] Level 1:colcon.colcon_core.package_identification:_identify(waveshare/SIM7600G-H-4G-HAT-B-Demo/Raspberry/c/PhoneCall) by extension 'cmake'
[0.282s] Level 1:colcon.colcon_core.package_identification:_identify(waveshare/SIM7600G-H-4G-HAT-B-Demo/Raspberry/c/PhoneCall) by extension 'python'
[0.282s] Level 1:colcon.colcon_core.package_identification:_identify(waveshare/SIM7600G-H-4G-HAT-B-Demo/Raspberry/c/PhoneCall) by extensions ['python_setup_py']
[0.282s] Level 1:colcon.colcon_core.package_identification:_identify(waveshare/SIM7600G-H-4G-HAT-B-Demo/Raspberry/c/PhoneCall) by extension 'python_setup_py'
[0.283s] Level 1:colcon.colcon_core.package_identification:_identify(waveshare/SIM7600G-H-4G-HAT-B-Demo/Raspberry/c/SMS) by extensions ['ignore', 'ignore_ament_install']
[0.283s] Level 1:colcon.colcon_core.package_identification:_identify(waveshare/SIM7600G-H-4G-HAT-B-Demo/Raspberry/c/SMS) by extension 'ignore'
[0.283s] Level 1:colcon.colcon_core.package_identification:_identify(waveshare/SIM7600G-H-4G-HAT-B-Demo/Raspberry/c/SMS) by extension 'ignore_ament_install'
[0.283s] Level 1:colcon.colcon_core.package_identification:_identify(waveshare/SIM7600G-H-4G-HAT-B-Demo/Raspberry/c/SMS) by extensions ['colcon_pkg']
[0.283s] Level 1:colcon.colcon_core.package_identification:_identify(waveshare/SIM7600G-H-4G-HAT-B-Demo/Raspberry/c/SMS) by extension 'colcon_pkg'
[0.283s] Level 1:colcon.colcon_core.package_identification:_identify(waveshare/SIM7600G-H-4G-HAT-B-Demo/Raspberry/c/SMS) by extensions ['colcon_meta']
[0.283s] Level 1:colcon.colcon_core.package_identification:_identify(waveshare/SIM7600G-H-4G-HAT-B-Demo/Raspberry/c/SMS) by extension 'colcon_meta'
[0.283s] Level 1:colcon.colcon_core.package_identification:_identify(waveshare/SIM7600G-H-4G-HAT-B-Demo/Raspberry/c/SMS) by extensions ['ros']
[0.283s] Level 1:colcon.colcon_core.package_identification:_identify(waveshare/SIM7600G-H-4G-HAT-B-Demo/Raspberry/c/SMS) by extension 'ros'
[0.283s] Level 1:colcon.colcon_core.package_identification:_identify(waveshare/SIM7600G-H-4G-HAT-B-Demo/Raspberry/c/SMS) by extensions ['cmake', 'python']
[0.283s] Level 1:colcon.colcon_core.package_identification:_identify(waveshare/SIM7600G-H-4G-HAT-B-Demo/Raspberry/c/SMS) by extension 'cmake'
[0.283s] Level 1:colcon.colcon_core.package_identification:_identify(waveshare/SIM7600G-H-4G-HAT-B-Demo/Raspberry/c/SMS) by extension 'python'
[0.283s] Level 1:colcon.colcon_core.package_identification:_identify(waveshare/SIM7600G-H-4G-HAT-B-Demo/Raspberry/c/SMS) by extensions ['python_setup_py']
[0.283s] Level 1:colcon.colcon_core.package_identification:_identify(waveshare/SIM7600G-H-4G-HAT-B-Demo/Raspberry/c/SMS) by extension 'python_setup_py'
[0.283s] Level 1:colcon.colcon_core.package_identification:_identify(waveshare/SIM7600G-H-4G-HAT-B-Demo/Raspberry/c/TCP) by extensions ['ignore', 'ignore_ament_install']
[0.283s] Level 1:colcon.colcon_core.package_identification:_identify(waveshare/SIM7600G-H-4G-HAT-B-Demo/Raspberry/c/TCP) by extension 'ignore'
[0.283s] Level 1:colcon.colcon_core.package_identification:_identify(waveshare/SIM7600G-H-4G-HAT-B-Demo/Raspberry/c/TCP) by extension 'ignore_ament_install'
[0.283s] Level 1:colcon.colcon_core.package_identification:_identify(waveshare/SIM7600G-H-4G-HAT-B-Demo/Raspberry/c/TCP) by extensions ['colcon_pkg']
[0.283s] Level 1:colcon.colcon_core.package_identification:_identify(waveshare/SIM7600G-H-4G-HAT-B-Demo/Raspberry/c/TCP) by extension 'colcon_pkg'
[0.283s] Level 1:colcon.colcon_core.package_identification:_identify(waveshare/SIM7600G-H-4G-HAT-B-Demo/Raspberry/c/TCP) by extensions ['colcon_meta']
[0.283s] Level 1:colcon.colcon_core.package_identification:_identify(waveshare/SIM7600G-H-4G-HAT-B-Demo/Raspberry/c/TCP) by extension 'colcon_meta'
[0.283s] Level 1:colcon.colcon_core.package_identification:_identify(waveshare/SIM7600G-H-4G-HAT-B-Demo/Raspberry/c/TCP) by extensions ['ros']
[0.284s] Level 1:colcon.colcon_core.package_identification:_identify(waveshare/SIM7600G-H-4G-HAT-B-Demo/Raspberry/c/TCP) by extension 'ros'
[0.284s] Level 1:colcon.colcon_core.package_identification:_identify(waveshare/SIM7600G-H-4G-HAT-B-Demo/Raspberry/c/TCP) by extensions ['cmake', 'python']
[0.284s] Level 1:colcon.colcon_core.package_identification:_identify(waveshare/SIM7600G-H-4G-HAT-B-Demo/Raspberry/c/TCP) by extension 'cmake'
[0.284s] Level 1:colcon.colcon_core.package_identification:_identify(waveshare/SIM7600G-H-4G-HAT-B-Demo/Raspberry/c/TCP) by extension 'python'
[0.284s] Level 1:colcon.colcon_core.package_identification:_identify(waveshare/SIM7600G-H-4G-HAT-B-Demo/Raspberry/c/TCP) by extensions ['python_setup_py']
[0.284s] Level 1:colcon.colcon_core.package_identification:_identify(waveshare/SIM7600G-H-4G-HAT-B-Demo/Raspberry/c/TCP) by extension 'python_setup_py'
[0.284s] Level 1:colcon.colcon_core.package_identification:_identify(waveshare/SIM7600G-H-4G-HAT-B-Demo/Raspberry/c/bcm2835) by extensions ['ignore', 'ignore_ament_install']
[0.284s] Level 1:colcon.colcon_core.package_identification:_identify(waveshare/SIM7600G-H-4G-HAT-B-Demo/Raspberry/c/bcm2835) by extension 'ignore'
[0.284s] Level 1:colcon.colcon_core.package_identification:_identify(waveshare/SIM7600G-H-4G-HAT-B-Demo/Raspberry/c/bcm2835) by extension 'ignore_ament_install'
[0.284s] Level 1:colcon.colcon_core.package_identification:_identify(waveshare/SIM7600G-H-4G-HAT-B-Demo/Raspberry/c/bcm2835) by extensions ['colcon_pkg']
[0.284s] Level 1:colcon.colcon_core.package_identification:_identify(waveshare/SIM7600G-H-4G-HAT-B-Demo/Raspberry/c/bcm2835) by extension 'colcon_pkg'
[0.284s] Level 1:colcon.colcon_core.package_identification:_identify(waveshare/SIM7600G-H-4G-HAT-B-Demo/Raspberry/c/bcm2835) by extensions ['colcon_meta']
[0.284s] Level 1:colcon.colcon_core.package_identification:_identify(waveshare/SIM7600G-H-4G-HAT-B-Demo/Raspberry/c/bcm2835) by extension 'colcon_meta'
[0.284s] Level 1:colcon.colcon_core.package_identification:_identify(waveshare/SIM7600G-H-4G-HAT-B-Demo/Raspberry/c/bcm2835) by extensions ['ros']
[0.284s] Level 1:colcon.colcon_core.package_identification:_identify(waveshare/SIM7600G-H-4G-HAT-B-Demo/Raspberry/c/bcm2835) by extension 'ros'
[0.284s] Level 1:colcon.colcon_core.package_identification:_identify(waveshare/SIM7600G-H-4G-HAT-B-Demo/Raspberry/c/bcm2835) by extensions ['cmake', 'python']
[0.284s] Level 1:colcon.colcon_core.package_identification:_identify(waveshare/SIM7600G-H-4G-HAT-B-Demo/Raspberry/c/bcm2835) by extension 'cmake'
[0.284s] Level 1:colcon.colcon_core.package_identification:_identify(waveshare/SIM7600G-H-4G-HAT-B-Demo/Raspberry/c/bcm2835) by extension 'python'
[0.284s] Level 1:colcon.colcon_core.package_identification:_identify(waveshare/SIM7600G-H-4G-HAT-B-Demo/Raspberry/c/bcm2835) by extensions ['python_setup_py']
[0.284s] Level 1:colcon.colcon_core.package_identification:_identify(waveshare/SIM7600G-H-4G-HAT-B-Demo/Raspberry/c/bcm2835) by extension 'python_setup_py'
[0.284s] Level 1:colcon.colcon_core.package_identification:_identify(waveshare/SIM7600G-H-4G-HAT-B-Demo/Raspberry/c/bcm2835/doc) by extensions ['ignore', 'ignore_ament_install']
[0.285s] Level 1:colcon.colcon_core.package_identification:_identify(waveshare/SIM7600G-H-4G-HAT-B-Demo/Raspberry/c/bcm2835/doc) by extension 'ignore'
[0.285s] Level 1:colcon.colcon_core.package_identification:_identify(waveshare/SIM7600G-H-4G-HAT-B-Demo/Raspberry/c/bcm2835/doc) by extension 'ignore_ament_install'
[0.285s] Level 1:colcon.colcon_core.package_identification:_identify(waveshare/SIM7600G-H-4G-HAT-B-Demo/Raspberry/c/bcm2835/doc) by extensions ['colcon_pkg']
[0.285s] Level 1:colcon.colcon_core.package_identification:_identify(waveshare/SIM7600G-H-4G-HAT-B-Demo/Raspberry/c/bcm2835/doc) by extension 'colcon_pkg'
[0.285s] Level 1:colcon.colcon_core.package_identification:_identify(waveshare/SIM7600G-H-4G-HAT-B-Demo/Raspberry/c/bcm2835/doc) by extensions ['colcon_meta']
[0.285s] Level 1:colcon.colcon_core.package_identification:_identify(waveshare/SIM7600G-H-4G-HAT-B-Demo/Raspberry/c/bcm2835/doc) by extension 'colcon_meta'
[0.285s] Level 1:colcon.colcon_core.package_identification:_identify(waveshare/SIM7600G-H-4G-HAT-B-Demo/Raspberry/c/bcm2835/doc) by extensions ['ros']
[0.285s] Level 1:colcon.colcon_core.package_identification:_identify(waveshare/SIM7600G-H-4G-HAT-B-Demo/Raspberry/c/bcm2835/doc) by extension 'ros'
[0.285s] Level 1:colcon.colcon_core.package_identification:_identify(waveshare/SIM7600G-H-4G-HAT-B-Demo/Raspberry/c/bcm2835/doc) by extensions ['cmake', 'python']
[0.285s] Level 1:colcon.colcon_core.package_identification:_identify(waveshare/SIM7600G-H-4G-HAT-B-Demo/Raspberry/c/bcm2835/doc) by extension 'cmake'
[0.285s] Level 1:colcon.colcon_core.package_identification:_identify(waveshare/SIM7600G-H-4G-HAT-B-Demo/Raspberry/c/bcm2835/doc) by extension 'python'
[0.285s] Level 1:colcon.colcon_core.package_identification:_identify(waveshare/SIM7600G-H-4G-HAT-B-Demo/Raspberry/c/bcm2835/doc) by extensions ['python_setup_py']
[0.285s] Level 1:colcon.colcon_core.package_identification:_identify(waveshare/SIM7600G-H-4G-HAT-B-Demo/Raspberry/c/bcm2835/doc) by extension 'python_setup_py'
[0.285s] Level 1:colcon.colcon_core.package_identification:_identify(waveshare/SIM7600G-H-4G-HAT-B-Demo/Raspberry/c/bcm2835/examples) by extensions ['ignore', 'ignore_ament_install']
[0.285s] Level 1:colcon.colcon_core.package_identification:_identify(waveshare/SIM7600G-H-4G-HAT-B-Demo/Raspberry/c/bcm2835/examples) by extension 'ignore'
[0.285s] Level 1:colcon.colcon_core.package_identification:_identify(waveshare/SIM7600G-H-4G-HAT-B-Demo/Raspberry/c/bcm2835/examples) by extension 'ignore_ament_install'
[0.285s] Level 1:colcon.colcon_core.package_identification:_identify(waveshare/SIM7600G-H-4G-HAT-B-Demo/Raspberry/c/bcm2835/examples) by extensions ['colcon_pkg']
[0.285s] Level 1:colcon.colcon_core.package_identification:_identify(waveshare/SIM7600G-H-4G-HAT-B-Demo/Raspberry/c/bcm2835/examples) by extension 'colcon_pkg'
[0.285s] Level 1:colcon.colcon_core.package_identification:_identify(waveshare/SIM7600G-H-4G-HAT-B-Demo/Raspberry/c/bcm2835/examples) by extensions ['colcon_meta']
[0.285s] Level 1:colcon.colcon_core.package_identification:_identify(waveshare/SIM7600G-H-4G-HAT-B-Demo/Raspberry/c/bcm2835/examples) by extension 'colcon_meta'
[0.285s] Level 1:colcon.colcon_core.package_identification:_identify(waveshare/SIM7600G-H-4G-HAT-B-Demo/Raspberry/c/bcm2835/examples) by extensions ['ros']
[0.285s] Level 1:colcon.colcon_core.package_identification:_identify(waveshare/SIM7600G-H-4G-HAT-B-Demo/Raspberry/c/bcm2835/examples) by extension 'ros'
[0.285s] Level 1:colcon.colcon_core.package_identification:_identify(waveshare/SIM7600G-H-4G-HAT-B-Demo/Raspberry/c/bcm2835/examples) by extensions ['cmake', 'python']
[0.286s] Level 1:colcon.colcon_core.package_identification:_identify(waveshare/SIM7600G-H-4G-HAT-B-Demo/Raspberry/c/bcm2835/examples) by extension 'cmake'
[0.286s] Level 1:colcon.colcon_core.package_identification:_identify(waveshare/SIM7600G-H-4G-HAT-B-Demo/Raspberry/c/bcm2835/examples) by extension 'python'
[0.286s] Level 1:colcon.colcon_core.package_identification:_identify(waveshare/SIM7600G-H-4G-HAT-B-Demo/Raspberry/c/bcm2835/examples) by extensions ['python_setup_py']
[0.286s] Level 1:colcon.colcon_core.package_identification:_identify(waveshare/SIM7600G-H-4G-HAT-B-Demo/Raspberry/c/bcm2835/examples) by extension 'python_setup_py'
[0.286s] Level 1:colcon.colcon_core.package_identification:_identify(waveshare/SIM7600G-H-4G-HAT-B-Demo/Raspberry/c/bcm2835/examples/blink) by extensions ['ignore', 'ignore_ament_install']
[0.286s] Level 1:colcon.colcon_core.package_identification:_identify(waveshare/SIM7600G-H-4G-HAT-B-Demo/Raspberry/c/bcm2835/examples/blink) by extension 'ignore'
[0.286s] Level 1:colcon.colcon_core.package_identification:_identify(waveshare/SIM7600G-H-4G-HAT-B-Demo/Raspberry/c/bcm2835/examples/blink) by extension 'ignore_ament_install'
[0.286s] Level 1:colcon.colcon_core.package_identification:_identify(waveshare/SIM7600G-H-4G-HAT-B-Demo/Raspberry/c/bcm2835/examples/blink) by extensions ['colcon_pkg']
[0.286s] Level 1:colcon.colcon_core.package_identification:_identify(waveshare/SIM7600G-H-4G-HAT-B-Demo/Raspberry/c/bcm2835/examples/blink) by extension 'colcon_pkg'
[0.286s] Level 1:colcon.colcon_core.package_identification:_identify(waveshare/SIM7600G-H-4G-HAT-B-Demo/Raspberry/c/bcm2835/examples/blink) by extensions ['colcon_meta']
[0.286s] Level 1:colcon.colcon_core.package_identification:_identify(waveshare/SIM7600G-H-4G-HAT-B-Demo/Raspberry/c/bcm2835/examples/blink) by extension 'colcon_meta'
[0.286s] Level 1:colcon.colcon_core.package_identification:_identify(waveshare/SIM7600G-H-4G-HAT-B-Demo/Raspberry/c/bcm2835/examples/blink) by extensions ['ros']
[0.286s] Level 1:colcon.colcon_core.package_identification:_identify(waveshare/SIM7600G-H-4G-HAT-B-Demo/Raspberry/c/bcm2835/examples/blink) by extension 'ros'
[0.286s] Level 1:colcon.colcon_core.package_identification:_identify(waveshare/SIM7600G-H-4G-HAT-B-Demo/Raspberry/c/bcm2835/examples/blink) by extensions ['cmake', 'python']
[0.286s] Level 1:colcon.colcon_core.package_identification:_identify(waveshare/SIM7600G-H-4G-HAT-B-Demo/Raspberry/c/bcm2835/examples/blink) by extension 'cmake'
[0.286s] Level 1:colcon.colcon_core.package_identification:_identify(waveshare/SIM7600G-H-4G-HAT-B-Demo/Raspberry/c/bcm2835/examples/blink) by extension 'python'
[0.286s] Level 1:colcon.colcon_core.package_identification:_identify(waveshare/SIM7600G-H-4G-HAT-B-Demo/Raspberry/c/bcm2835/examples/blink) by extensions ['python_setup_py']
[0.286s] Level 1:colcon.colcon_core.package_identification:_identify(waveshare/SIM7600G-H-4G-HAT-B-Demo/Raspberry/c/bcm2835/examples/blink) by extension 'python_setup_py'
[0.286s] Level 1:colcon.colcon_core.package_identification:_identify(waveshare/SIM7600G-H-4G-HAT-B-Demo/Raspberry/c/bcm2835/examples/event) by extensions ['ignore', 'ignore_ament_install']
[0.286s] Level 1:colcon.colcon_core.package_identification:_identify(waveshare/SIM7600G-H-4G-HAT-B-Demo/Raspberry/c/bcm2835/examples/event) by extension 'ignore'
[0.287s] Level 1:colcon.colcon_core.package_identification:_identify(waveshare/SIM7600G-H-4G-HAT-B-Demo/Raspberry/c/bcm2835/examples/event) by extension 'ignore_ament_install'
[0.287s] Level 1:colcon.colcon_core.package_identification:_identify(waveshare/SIM7600G-H-4G-HAT-B-Demo/Raspberry/c/bcm2835/examples/event) by extensions ['colcon_pkg']
[0.287s] Level 1:colcon.colcon_core.package_identification:_identify(waveshare/SIM7600G-H-4G-HAT-B-Demo/Raspberry/c/bcm2835/examples/event) by extension 'colcon_pkg'
[0.287s] Level 1:colcon.colcon_core.package_identification:_identify(waveshare/SIM7600G-H-4G-HAT-B-Demo/Raspberry/c/bcm2835/examples/event) by extensions ['colcon_meta']
[0.287s] Level 1:colcon.colcon_core.package_identification:_identify(waveshare/SIM7600G-H-4G-HAT-B-Demo/Raspberry/c/bcm2835/examples/event) by extension 'colcon_meta'
[0.287s] Level 1:colcon.colcon_core.package_identification:_identify(waveshare/SIM7600G-H-4G-HAT-B-Demo/Raspberry/c/bcm2835/examples/event) by extensions ['ros']
[0.287s] Level 1:colcon.colcon_core.package_identification:_identify(waveshare/SIM7600G-H-4G-HAT-B-Demo/Raspberry/c/bcm2835/examples/event) by extension 'ros'
[0.287s] Level 1:colcon.colcon_core.package_identification:_identify(waveshare/SIM7600G-H-4G-HAT-B-Demo/Raspberry/c/bcm2835/examples/event) by extensions ['cmake', 'python']
[0.287s] Level 1:colcon.colcon_core.package_identification:_identify(waveshare/SIM7600G-H-4G-HAT-B-Demo/Raspberry/c/bcm2835/examples/event) by extension 'cmake'
[0.287s] Level 1:colcon.colcon_core.package_identification:_identify(waveshare/SIM7600G-H-4G-HAT-B-Demo/Raspberry/c/bcm2835/examples/event) by extension 'python'
[0.287s] Level 1:colcon.colcon_core.package_identification:_identify(waveshare/SIM7600G-H-4G-HAT-B-Demo/Raspberry/c/bcm2835/examples/event) by extensions ['python_setup_py']
[0.287s] Level 1:colcon.colcon_core.package_identification:_identify(waveshare/SIM7600G-H-4G-HAT-B-Demo/Raspberry/c/bcm2835/examples/event) by extension 'python_setup_py'
[0.287s] Level 1:colcon.colcon_core.package_identification:_identify(waveshare/SIM7600G-H-4G-HAT-B-Demo/Raspberry/c/bcm2835/examples/gpio) by extensions ['ignore', 'ignore_ament_install']
[0.287s] Level 1:colcon.colcon_core.package_identification:_identify(waveshare/SIM7600G-H-4G-HAT-B-Demo/Raspberry/c/bcm2835/examples/gpio) by extension 'ignore'
[0.287s] Level 1:colcon.colcon_core.package_identification:_identify(waveshare/SIM7600G-H-4G-HAT-B-Demo/Raspberry/c/bcm2835/examples/gpio) by extension 'ignore_ament_install'
[0.287s] Level 1:colcon.colcon_core.package_identification:_identify(waveshare/SIM7600G-H-4G-HAT-B-Demo/Raspberry/c/bcm2835/examples/gpio) by extensions ['colcon_pkg']
[0.287s] Level 1:colcon.colcon_core.package_identification:_identify(waveshare/SIM7600G-H-4G-HAT-B-Demo/Raspberry/c/bcm2835/examples/gpio) by extension 'colcon_pkg'
[0.287s] Level 1:colcon.colcon_core.package_identification:_identify(waveshare/SIM7600G-H-4G-HAT-B-Demo/Raspberry/c/bcm2835/examples/gpio) by extensions ['colcon_meta']
[0.287s] Level 1:colcon.colcon_core.package_identification:_identify(waveshare/SIM7600G-H-4G-HAT-B-Demo/Raspberry/c/bcm2835/examples/gpio) by extension 'colcon_meta'
[0.287s] Level 1:colcon.colcon_core.package_identification:_identify(waveshare/SIM7600G-H-4G-HAT-B-Demo/Raspberry/c/bcm2835/examples/gpio) by extensions ['ros']
[0.287s] Level 1:colcon.colcon_core.package_identification:_identify(waveshare/SIM7600G-H-4G-HAT-B-Demo/Raspberry/c/bcm2835/examples/gpio) by extension 'ros'
[0.287s] Level 1:colcon.colcon_core.package_identification:_identify(waveshare/SIM7600G-H-4G-HAT-B-Demo/Raspberry/c/bcm2835/examples/gpio) by extensions ['cmake', 'python']
[0.287s] Level 1:colcon.colcon_core.package_identification:_identify(waveshare/SIM7600G-H-4G-HAT-B-Demo/Raspberry/c/bcm2835/examples/gpio) by extension 'cmake'
[0.288s] Level 1:colcon.colcon_core.package_identification:_identify(waveshare/SIM7600G-H-4G-HAT-B-Demo/Raspberry/c/bcm2835/examples/gpio) by extension 'python'
[0.288s] Level 1:colcon.colcon_core.package_identification:_identify(waveshare/SIM7600G-H-4G-HAT-B-Demo/Raspberry/c/bcm2835/examples/gpio) by extensions ['python_setup_py']
[0.288s] Level 1:colcon.colcon_core.package_identification:_identify(waveshare/SIM7600G-H-4G-HAT-B-Demo/Raspberry/c/bcm2835/examples/gpio) by extension 'python_setup_py'
[0.288s] Level 1:colcon.colcon_core.package_identification:_identify(waveshare/SIM7600G-H-4G-HAT-B-Demo/Raspberry/c/bcm2835/examples/i2c) by extensions ['ignore', 'ignore_ament_install']
[0.288s] Level 1:colcon.colcon_core.package_identification:_identify(waveshare/SIM7600G-H-4G-HAT-B-Demo/Raspberry/c/bcm2835/examples/i2c) by extension 'ignore'
[0.288s] Level 1:colcon.colcon_core.package_identification:_identify(waveshare/SIM7600G-H-4G-HAT-B-Demo/Raspberry/c/bcm2835/examples/i2c) by extension 'ignore_ament_install'
[0.288s] Level 1:colcon.colcon_core.package_identification:_identify(waveshare/SIM7600G-H-4G-HAT-B-Demo/Raspberry/c/bcm2835/examples/i2c) by extensions ['colcon_pkg']
[0.288s] Level 1:colcon.colcon_core.package_identification:_identify(waveshare/SIM7600G-H-4G-HAT-B-Demo/Raspberry/c/bcm2835/examples/i2c) by extension 'colcon_pkg'
[0.288s] Level 1:colcon.colcon_core.package_identification:_identify(waveshare/SIM7600G-H-4G-HAT-B-Demo/Raspberry/c/bcm2835/examples/i2c) by extensions ['colcon_meta']
[0.288s] Level 1:colcon.colcon_core.package_identification:_identify(waveshare/SIM7600G-H-4G-HAT-B-Demo/Raspberry/c/bcm2835/examples/i2c) by extension 'colcon_meta'
[0.288s] Level 1:colcon.colcon_core.package_identification:_identify(waveshare/SIM7600G-H-4G-HAT-B-Demo/Raspberry/c/bcm2835/examples/i2c) by extensions ['ros']
[0.288s] Level 1:colcon.colcon_core.package_identification:_identify(waveshare/SIM7600G-H-4G-HAT-B-Demo/Raspberry/c/bcm2835/examples/i2c) by extension 'ros'
[0.288s] Level 1:colcon.colcon_core.package_identification:_identify(waveshare/SIM7600G-H-4G-HAT-B-Demo/Raspberry/c/bcm2835/examples/i2c) by extensions ['cmake', 'python']
[0.288s] Level 1:colcon.colcon_core.package_identification:_identify(waveshare/SIM7600G-H-4G-HAT-B-Demo/Raspberry/c/bcm2835/examples/i2c) by extension 'cmake'
[0.288s] Level 1:colcon.colcon_core.package_identification:_identify(waveshare/SIM7600G-H-4G-HAT-B-Demo/Raspberry/c/bcm2835/examples/i2c) by extension 'python'
[0.288s] Level 1:colcon.colcon_core.package_identification:_identify(waveshare/SIM7600G-H-4G-HAT-B-Demo/Raspberry/c/bcm2835/examples/i2c) by extensions ['python_setup_py']
[0.288s] Level 1:colcon.colcon_core.package_identification:_identify(waveshare/SIM7600G-H-4G-HAT-B-Demo/Raspberry/c/bcm2835/examples/i2c) by extension 'python_setup_py'
[0.288s] Level 1:colcon.colcon_core.package_identification:_identify(waveshare/SIM7600G-H-4G-HAT-B-Demo/Raspberry/c/bcm2835/examples/input) by extensions ['ignore', 'ignore_ament_install']
[0.288s] Level 1:colcon.colcon_core.package_identification:_identify(waveshare/SIM7600G-H-4G-HAT-B-Demo/Raspberry/c/bcm2835/examples/input) by extension 'ignore'
[0.288s] Level 1:colcon.colcon_core.package_identification:_identify(waveshare/SIM7600G-H-4G-HAT-B-Demo/Raspberry/c/bcm2835/examples/input) by extension 'ignore_ament_install'
[0.288s] Level 1:colcon.colcon_core.package_identification:_identify(waveshare/SIM7600G-H-4G-HAT-B-Demo/Raspberry/c/bcm2835/examples/input) by extensions ['colcon_pkg']
[0.288s] Level 1:colcon.colcon_core.package_identification:_identify(waveshare/SIM7600G-H-4G-HAT-B-Demo/Raspberry/c/bcm2835/examples/input) by extension 'colcon_pkg'
[0.289s] Level 1:colcon.colcon_core.package_identification:_identify(waveshare/SIM7600G-H-4G-HAT-B-Demo/Raspberry/c/bcm2835/examples/input) by extensions ['colcon_meta']
[0.289s] Level 1:colcon.colcon_core.package_identification:_identify(waveshare/SIM7600G-H-4G-HAT-B-Demo/Raspberry/c/bcm2835/examples/input) by extension 'colcon_meta'
[0.289s] Level 1:colcon.colcon_core.package_identification:_identify(waveshare/SIM7600G-H-4G-HAT-B-Demo/Raspberry/c/bcm2835/examples/input) by extensions ['ros']
[0.289s] Level 1:colcon.colcon_core.package_identification:_identify(waveshare/SIM7600G-H-4G-HAT-B-Demo/Raspberry/c/bcm2835/examples/input) by extension 'ros'
[0.289s] Level 1:colcon.colcon_core.package_identification:_identify(waveshare/SIM7600G-H-4G-HAT-B-Demo/Raspberry/c/bcm2835/examples/input) by extensions ['cmake', 'python']
[0.289s] Level 1:colcon.colcon_core.package_identification:_identify(waveshare/SIM7600G-H-4G-HAT-B-Demo/Raspberry/c/bcm2835/examples/input) by extension 'cmake'
[0.289s] Level 1:colcon.colcon_core.package_identification:_identify(waveshare/SIM7600G-H-4G-HAT-B-Demo/Raspberry/c/bcm2835/examples/input) by extension 'python'
[0.289s] Level 1:colcon.colcon_core.package_identification:_identify(waveshare/SIM7600G-H-4G-HAT-B-Demo/Raspberry/c/bcm2835/examples/input) by extensions ['python_setup_py']
[0.289s] Level 1:colcon.colcon_core.package_identification:_identify(waveshare/SIM7600G-H-4G-HAT-B-Demo/Raspberry/c/bcm2835/examples/input) by extension 'python_setup_py'
[0.289s] Level 1:colcon.colcon_core.package_identification:_identify(waveshare/SIM7600G-H-4G-HAT-B-Demo/Raspberry/c/bcm2835/examples/pwm) by extensions ['ignore', 'ignore_ament_install']
[0.289s] Level 1:colcon.colcon_core.package_identification:_identify(waveshare/SIM7600G-H-4G-HAT-B-Demo/Raspberry/c/bcm2835/examples/pwm) by extension 'ignore'
[0.289s] Level 1:colcon.colcon_core.package_identification:_identify(waveshare/SIM7600G-H-4G-HAT-B-Demo/Raspberry/c/bcm2835/examples/pwm) by extension 'ignore_ament_install'
[0.289s] Level 1:colcon.colcon_core.package_identification:_identify(waveshare/SIM7600G-H-4G-HAT-B-Demo/Raspberry/c/bcm2835/examples/pwm) by extensions ['colcon_pkg']
[0.289s] Level 1:colcon.colcon_core.package_identification:_identify(waveshare/SIM7600G-H-4G-HAT-B-Demo/Raspberry/c/bcm2835/examples/pwm) by extension 'colcon_pkg'
[0.289s] Level 1:colcon.colcon_core.package_identification:_identify(waveshare/SIM7600G-H-4G-HAT-B-Demo/Raspberry/c/bcm2835/examples/pwm) by extensions ['colcon_meta']
[0.289s] Level 1:colcon.colcon_core.package_identification:_identify(waveshare/SIM7600G-H-4G-HAT-B-Demo/Raspberry/c/bcm2835/examples/pwm) by extension 'colcon_meta'
[0.289s] Level 1:colcon.colcon_core.package_identification:_identify(waveshare/SIM7600G-H-4G-HAT-B-Demo/Raspberry/c/bcm2835/examples/pwm) by extensions ['ros']
[0.289s] Level 1:colcon.colcon_core.package_identification:_identify(waveshare/SIM7600G-H-4G-HAT-B-Demo/Raspberry/c/bcm2835/examples/pwm) by extension 'ros'
[0.289s] Level 1:colcon.colcon_core.package_identification:_identify(waveshare/SIM7600G-H-4G-HAT-B-Demo/Raspberry/c/bcm2835/examples/pwm) by extensions ['cmake', 'python']
[0.289s] Level 1:colcon.colcon_core.package_identification:_identify(waveshare/SIM7600G-H-4G-HAT-B-Demo/Raspberry/c/bcm2835/examples/pwm) by extension 'cmake'
[0.289s] Level 1:colcon.colcon_core.package_identification:_identify(waveshare/SIM7600G-H-4G-HAT-B-Demo/Raspberry/c/bcm2835/examples/pwm) by extension 'python'
[0.289s] Level 1:colcon.colcon_core.package_identification:_identify(waveshare/SIM7600G-H-4G-HAT-B-Demo/Raspberry/c/bcm2835/examples/pwm) by extensions ['python_setup_py']
[0.289s] Level 1:colcon.colcon_core.package_identification:_identify(waveshare/SIM7600G-H-4G-HAT-B-Demo/Raspberry/c/bcm2835/examples/pwm) by extension 'python_setup_py'
[0.290s] Level 1:colcon.colcon_core.package_identification:_identify(waveshare/SIM7600G-H-4G-HAT-B-Demo/Raspberry/c/bcm2835/examples/spi) by extensions ['ignore', 'ignore_ament_install']
[0.290s] Level 1:colcon.colcon_core.package_identification:_identify(waveshare/SIM7600G-H-4G-HAT-B-Demo/Raspberry/c/bcm2835/examples/spi) by extension 'ignore'
[0.290s] Level 1:colcon.colcon_core.package_identification:_identify(waveshare/SIM7600G-H-4G-HAT-B-Demo/Raspberry/c/bcm2835/examples/spi) by extension 'ignore_ament_install'
[0.290s] Level 1:colcon.colcon_core.package_identification:_identify(waveshare/SIM7600G-H-4G-HAT-B-Demo/Raspberry/c/bcm2835/examples/spi) by extensions ['colcon_pkg']
[0.290s] Level 1:colcon.colcon_core.package_identification:_identify(waveshare/SIM7600G-H-4G-HAT-B-Demo/Raspberry/c/bcm2835/examples/spi) by extension 'colcon_pkg'
[0.290s] Level 1:colcon.colcon_core.package_identification:_identify(waveshare/SIM7600G-H-4G-HAT-B-Demo/Raspberry/c/bcm2835/examples/spi) by extensions ['colcon_meta']
[0.290s] Level 1:colcon.colcon_core.package_identification:_identify(waveshare/SIM7600G-H-4G-HAT-B-Demo/Raspberry/c/bcm2835/examples/spi) by extension 'colcon_meta'
[0.290s] Level 1:colcon.colcon_core.package_identification:_identify(waveshare/SIM7600G-H-4G-HAT-B-Demo/Raspberry/c/bcm2835/examples/spi) by extensions ['ros']
[0.290s] Level 1:colcon.colcon_core.package_identification:_identify(waveshare/SIM7600G-H-4G-HAT-B-Demo/Raspberry/c/bcm2835/examples/spi) by extension 'ros'
[0.290s] Level 1:colcon.colcon_core.package_identification:_identify(waveshare/SIM7600G-H-4G-HAT-B-Demo/Raspberry/c/bcm2835/examples/spi) by extensions ['cmake', 'python']
[0.290s] Level 1:colcon.colcon_core.package_identification:_identify(waveshare/SIM7600G-H-4G-HAT-B-Demo/Raspberry/c/bcm2835/examples/spi) by extension 'cmake'
[0.290s] Level 1:colcon.colcon_core.package_identification:_identify(waveshare/SIM7600G-H-4G-HAT-B-Demo/Raspberry/c/bcm2835/examples/spi) by extension 'python'
[0.290s] Level 1:colcon.colcon_core.package_identification:_identify(waveshare/SIM7600G-H-4G-HAT-B-Demo/Raspberry/c/bcm2835/examples/spi) by extensions ['python_setup_py']
[0.290s] Level 1:colcon.colcon_core.package_identification:_identify(waveshare/SIM7600G-H-4G-HAT-B-Demo/Raspberry/c/bcm2835/examples/spi) by extension 'python_setup_py'
[0.290s] Level 1:colcon.colcon_core.package_identification:_identify(waveshare/SIM7600G-H-4G-HAT-B-Demo/Raspberry/c/bcm2835/examples/spin) by extensions ['ignore', 'ignore_ament_install']
[0.290s] Level 1:colcon.colcon_core.package_identification:_identify(waveshare/SIM7600G-H-4G-HAT-B-Demo/Raspberry/c/bcm2835/examples/spin) by extension 'ignore'
[0.290s] Level 1:colcon.colcon_core.package_identification:_identify(waveshare/SIM7600G-H-4G-HAT-B-Demo/Raspberry/c/bcm2835/examples/spin) by extension 'ignore_ament_install'
[0.290s] Level 1:colcon.colcon_core.package_identification:_identify(waveshare/SIM7600G-H-4G-HAT-B-Demo/Raspberry/c/bcm2835/examples/spin) by extensions ['colcon_pkg']
[0.290s] Level 1:colcon.colcon_core.package_identification:_identify(waveshare/SIM7600G-H-4G-HAT-B-Demo/Raspberry/c/bcm2835/examples/spin) by extension 'colcon_pkg'
[0.290s] Level 1:colcon.colcon_core.package_identification:_identify(waveshare/SIM7600G-H-4G-HAT-B-Demo/Raspberry/c/bcm2835/examples/spin) by extensions ['colcon_meta']
[0.290s] Level 1:colcon.colcon_core.package_identification:_identify(waveshare/SIM7600G-H-4G-HAT-B-Demo/Raspberry/c/bcm2835/examples/spin) by extension 'colcon_meta'
[0.290s] Level 1:colcon.colcon_core.package_identification:_identify(waveshare/SIM7600G-H-4G-HAT-B-Demo/Raspberry/c/bcm2835/examples/spin) by extensions ['ros']
[0.291s] Level 1:colcon.colcon_core.package_identification:_identify(waveshare/SIM7600G-H-4G-HAT-B-Demo/Raspberry/c/bcm2835/examples/spin) by extension 'ros'
[0.291s] Level 1:colcon.colcon_core.package_identification:_identify(waveshare/SIM7600G-H-4G-HAT-B-Demo/Raspberry/c/bcm2835/examples/spin) by extensions ['cmake', 'python']
[0.291s] Level 1:colcon.colcon_core.package_identification:_identify(waveshare/SIM7600G-H-4G-HAT-B-Demo/Raspberry/c/bcm2835/examples/spin) by extension 'cmake'
[0.291s] Level 1:colcon.colcon_core.package_identification:_identify(waveshare/SIM7600G-H-4G-HAT-B-Demo/Raspberry/c/bcm2835/examples/spin) by extension 'python'
[0.291s] Level 1:colcon.colcon_core.package_identification:_identify(waveshare/SIM7600G-H-4G-HAT-B-Demo/Raspberry/c/bcm2835/examples/spin) by extensions ['python_setup_py']
[0.291s] Level 1:colcon.colcon_core.package_identification:_identify(waveshare/SIM7600G-H-4G-HAT-B-Demo/Raspberry/c/bcm2835/examples/spin) by extension 'python_setup_py'
[0.291s] Level 1:colcon.colcon_core.package_identification:_identify(waveshare/SIM7600G-H-4G-HAT-B-Demo/Raspberry/c/bcm2835/src) by extensions ['ignore', 'ignore_ament_install']
[0.291s] Level 1:colcon.colcon_core.package_identification:_identify(waveshare/SIM7600G-H-4G-HAT-B-Demo/Raspberry/c/bcm2835/src) by extension 'ignore'
[0.291s] Level 1:colcon.colcon_core.package_identification:_identify(waveshare/SIM7600G-H-4G-HAT-B-Demo/Raspberry/c/bcm2835/src) by extension 'ignore_ament_install'
[0.291s] Level 1:colcon.colcon_core.package_identification:_identify(waveshare/SIM7600G-H-4G-HAT-B-Demo/Raspberry/c/bcm2835/src) by extensions ['colcon_pkg']
[0.291s] Level 1:colcon.colcon_core.package_identification:_identify(waveshare/SIM7600G-H-4G-HAT-B-Demo/Raspberry/c/bcm2835/src) by extension 'colcon_pkg'
[0.291s] Level 1:colcon.colcon_core.package_identification:_identify(waveshare/SIM7600G-H-4G-HAT-B-Demo/Raspberry/c/bcm2835/src) by extensions ['colcon_meta']
[0.291s] Level 1:colcon.colcon_core.package_identification:_identify(waveshare/SIM7600G-H-4G-HAT-B-Demo/Raspberry/c/bcm2835/src) by extension 'colcon_meta'
[0.291s] Level 1:colcon.colcon_core.package_identification:_identify(waveshare/SIM7600G-H-4G-HAT-B-Demo/Raspberry/c/bcm2835/src) by extensions ['ros']
[0.291s] Level 1:colcon.colcon_core.package_identification:_identify(waveshare/SIM7600G-H-4G-HAT-B-Demo/Raspberry/c/bcm2835/src) by extension 'ros'
[0.291s] Level 1:colcon.colcon_core.package_identification:_identify(waveshare/SIM7600G-H-4G-HAT-B-Demo/Raspberry/c/bcm2835/src) by extensions ['cmake', 'python']
[0.291s] Level 1:colcon.colcon_core.package_identification:_identify(waveshare/SIM7600G-H-4G-HAT-B-Demo/Raspberry/c/bcm2835/src) by extension 'cmake'
[0.291s] Level 1:colcon.colcon_core.package_identification:_identify(waveshare/SIM7600G-H-4G-HAT-B-Demo/Raspberry/c/bcm2835/src) by extension 'python'
[0.291s] Level 1:colcon.colcon_core.package_identification:_identify(waveshare/SIM7600G-H-4G-HAT-B-Demo/Raspberry/c/bcm2835/src) by extensions ['python_setup_py']
[0.291s] Level 1:colcon.colcon_core.package_identification:_identify(waveshare/SIM7600G-H-4G-HAT-B-Demo/Raspberry/c/bcm2835/src) by extension 'python_setup_py'
[0.291s] Level 1:colcon.colcon_core.package_identification:_identify(waveshare/SIM7600G-H-4G-HAT-B-Demo/Raspberry/c/lib) by extensions ['ignore', 'ignore_ament_install']
[0.292s] Level 1:colcon.colcon_core.package_identification:_identify(waveshare/SIM7600G-H-4G-HAT-B-Demo/Raspberry/c/lib) by extension 'ignore'
[0.292s] Level 1:colcon.colcon_core.package_identification:_identify(waveshare/SIM7600G-H-4G-HAT-B-Demo/Raspberry/c/lib) by extension 'ignore_ament_install'
[0.292s] Level 1:colcon.colcon_core.package_identification:_identify(waveshare/SIM7600G-H-4G-HAT-B-Demo/Raspberry/c/lib) by extensions ['colcon_pkg']
[0.292s] Level 1:colcon.colcon_core.package_identification:_identify(waveshare/SIM7600G-H-4G-HAT-B-Demo/Raspberry/c/lib) by extension 'colcon_pkg'
[0.292s] Level 1:colcon.colcon_core.package_identification:_identify(waveshare/SIM7600G-H-4G-HAT-B-Demo/Raspberry/c/lib) by extensions ['colcon_meta']
[0.292s] Level 1:colcon.colcon_core.package_identification:_identify(waveshare/SIM7600G-H-4G-HAT-B-Demo/Raspberry/c/lib) by extension 'colcon_meta'
[0.292s] Level 1:colcon.colcon_core.package_identification:_identify(waveshare/SIM7600G-H-4G-HAT-B-Demo/Raspberry/c/lib) by extensions ['ros']
[0.292s] Level 1:colcon.colcon_core.package_identification:_identify(waveshare/SIM7600G-H-4G-HAT-B-Demo/Raspberry/c/lib) by extension 'ros'
[0.292s] Level 1:colcon.colcon_core.package_identification:_identify(waveshare/SIM7600G-H-4G-HAT-B-Demo/Raspberry/c/lib) by extensions ['cmake', 'python']
[0.292s] Level 1:colcon.colcon_core.package_identification:_identify(waveshare/SIM7600G-H-4G-HAT-B-Demo/Raspberry/c/lib) by extension 'cmake'
[0.292s] Level 1:colcon.colcon_core.package_identification:_identify(waveshare/SIM7600G-H-4G-HAT-B-Demo/Raspberry/c/lib) by extension 'python'
[0.292s] Level 1:colcon.colcon_core.package_identification:_identify(waveshare/SIM7600G-H-4G-HAT-B-Demo/Raspberry/c/lib) by extensions ['python_setup_py']
[0.292s] Level 1:colcon.colcon_core.package_identification:_identify(waveshare/SIM7600G-H-4G-HAT-B-Demo/Raspberry/c/lib) by extension 'python_setup_py'
[0.292s] Level 1:colcon.colcon_core.package_identification:_identify(waveshare/SIM7600G-H-4G-HAT-B-Demo/Raspberry/python) by extensions ['ignore', 'ignore_ament_install']
[0.292s] Level 1:colcon.colcon_core.package_identification:_identify(waveshare/SIM7600G-H-4G-HAT-B-Demo/Raspberry/python) by extension 'ignore'
[0.292s] Level 1:colcon.colcon_core.package_identification:_identify(waveshare/SIM7600G-H-4G-HAT-B-Demo/Raspberry/python) by extension 'ignore_ament_install'
[0.292s] Level 1:colcon.colcon_core.package_identification:_identify(waveshare/SIM7600G-H-4G-HAT-B-Demo/Raspberry/python) by extensions ['colcon_pkg']
[0.292s] Level 1:colcon.colcon_core.package_identification:_identify(waveshare/SIM7600G-H-4G-HAT-B-Demo/Raspberry/python) by extension 'colcon_pkg'
[0.292s] Level 1:colcon.colcon_core.package_identification:_identify(waveshare/SIM7600G-H-4G-HAT-B-Demo/Raspberry/python) by extensions ['colcon_meta']
[0.292s] Level 1:colcon.colcon_core.package_identification:_identify(waveshare/SIM7600G-H-4G-HAT-B-Demo/Raspberry/python) by extension 'colcon_meta'
[0.292s] Level 1:colcon.colcon_core.package_identification:_identify(waveshare/SIM7600G-H-4G-HAT-B-Demo/Raspberry/python) by extensions ['ros']
[0.292s] Level 1:colcon.colcon_core.package_identification:_identify(waveshare/SIM7600G-H-4G-HAT-B-Demo/Raspberry/python) by extension 'ros'
[0.293s] Level 1:colcon.colcon_core.package_identification:_identify(waveshare/SIM7600G-H-4G-HAT-B-Demo/Raspberry/python) by extensions ['cmake', 'python']
[0.293s] Level 1:colcon.colcon_core.package_identification:_identify(waveshare/SIM7600G-H-4G-HAT-B-Demo/Raspberry/python) by extension 'cmake'
[0.293s] Level 1:colcon.colcon_core.package_identification:_identify(waveshare/SIM7600G-H-4G-HAT-B-Demo/Raspberry/python) by extension 'python'
[0.293s] Level 1:colcon.colcon_core.package_identification:_identify(waveshare/SIM7600G-H-4G-HAT-B-Demo/Raspberry/python) by extensions ['python_setup_py']
[0.293s] Level 1:colcon.colcon_core.package_identification:_identify(waveshare/SIM7600G-H-4G-HAT-B-Demo/Raspberry/python) by extension 'python_setup_py'
[0.293s] Level 1:colcon.colcon_core.package_identification:_identify(waveshare/SIM7600G-H-4G-HAT-B-Demo/Raspberry/python/AT) by extensions ['ignore', 'ignore_ament_install']
[0.293s] Level 1:colcon.colcon_core.package_identification:_identify(waveshare/SIM7600G-H-4G-HAT-B-Demo/Raspberry/python/AT) by extension 'ignore'
[0.293s] Level 1:colcon.colcon_core.package_identification:_identify(waveshare/SIM7600G-H-4G-HAT-B-Demo/Raspberry/python/AT) by extension 'ignore_ament_install'
[0.293s] Level 1:colcon.colcon_core.package_identification:_identify(waveshare/SIM7600G-H-4G-HAT-B-Demo/Raspberry/python/AT) by extensions ['colcon_pkg']
[0.293s] Level 1:colcon.colcon_core.package_identification:_identify(waveshare/SIM7600G-H-4G-HAT-B-Demo/Raspberry/python/AT) by extension 'colcon_pkg'
[0.293s] Level 1:colcon.colcon_core.package_identification:_identify(waveshare/SIM7600G-H-4G-HAT-B-Demo/Raspberry/python/AT) by extensions ['colcon_meta']
[0.293s] Level 1:colcon.colcon_core.package_identification:_identify(waveshare/SIM7600G-H-4G-HAT-B-Demo/Raspberry/python/AT) by extension 'colcon_meta'
[0.293s] Level 1:colcon.colcon_core.package_identification:_identify(waveshare/SIM7600G-H-4G-HAT-B-Demo/Raspberry/python/AT) by extensions ['ros']
[0.293s] Level 1:colcon.colcon_core.package_identification:_identify(waveshare/SIM7600G-H-4G-HAT-B-Demo/Raspberry/python/AT) by extension 'ros'
[0.293s] Level 1:colcon.colcon_core.package_identification:_identify(waveshare/SIM7600G-H-4G-HAT-B-Demo/Raspberry/python/AT) by extensions ['cmake', 'python']
[0.293s] Level 1:colcon.colcon_core.package_identification:_identify(waveshare/SIM7600G-H-4G-HAT-B-Demo/Raspberry/python/AT) by extension 'cmake'
[0.293s] Level 1:colcon.colcon_core.package_identification:_identify(waveshare/SIM7600G-H-4G-HAT-B-Demo/Raspberry/python/AT) by extension 'python'
[0.293s] Level 1:colcon.colcon_core.package_identification:_identify(waveshare/SIM7600G-H-4G-HAT-B-Demo/Raspberry/python/AT) by extensions ['python_setup_py']
[0.293s] Level 1:colcon.colcon_core.package_identification:_identify(waveshare/SIM7600G-H-4G-HAT-B-Demo/Raspberry/python/AT) by extension 'python_setup_py'
[0.293s] Level 1:colcon.colcon_core.package_identification:_identify(waveshare/SIM7600G-H-4G-HAT-B-Demo/Raspberry/python/FTP) by extensions ['ignore', 'ignore_ament_install']
[0.293s] Level 1:colcon.colcon_core.package_identification:_identify(waveshare/SIM7600G-H-4G-HAT-B-Demo/Raspberry/python/FTP) by extension 'ignore'
[0.293s] Level 1:colcon.colcon_core.package_identification:_identify(waveshare/SIM7600G-H-4G-HAT-B-Demo/Raspberry/python/FTP) by extension 'ignore_ament_install'
[0.294s] Level 1:colcon.colcon_core.package_identification:_identify(waveshare/SIM7600G-H-4G-HAT-B-Demo/Raspberry/python/FTP) by extensions ['colcon_pkg']
[0.294s] Level 1:colcon.colcon_core.package_identification:_identify(waveshare/SIM7600G-H-4G-HAT-B-Demo/Raspberry/python/FTP) by extension 'colcon_pkg'
[0.294s] Level 1:colcon.colcon_core.package_identification:_identify(waveshare/SIM7600G-H-4G-HAT-B-Demo/Raspberry/python/FTP) by extensions ['colcon_meta']
[0.294s] Level 1:colcon.colcon_core.package_identification:_identify(waveshare/SIM7600G-H-4G-HAT-B-Demo/Raspberry/python/FTP) by extension 'colcon_meta'
[0.294s] Level 1:colcon.colcon_core.package_identification:_identify(waveshare/SIM7600G-H-4G-HAT-B-Demo/Raspberry/python/FTP) by extensions ['ros']
[0.294s] Level 1:colcon.colcon_core.package_identification:_identify(waveshare/SIM7600G-H-4G-HAT-B-Demo/Raspberry/python/FTP) by extension 'ros'
[0.294s] Level 1:colcon.colcon_core.package_identification:_identify(waveshare/SIM7600G-H-4G-HAT-B-Demo/Raspberry/python/FTP) by extensions ['cmake', 'python']
[0.294s] Level 1:colcon.colcon_core.package_identification:_identify(waveshare/SIM7600G-H-4G-HAT-B-Demo/Raspberry/python/FTP) by extension 'cmake'
[0.294s] Level 1:colcon.colcon_core.package_identification:_identify(waveshare/SIM7600G-H-4G-HAT-B-Demo/Raspberry/python/FTP) by extension 'python'
[0.294s] Level 1:colcon.colcon_core.package_identification:_identify(waveshare/SIM7600G-H-4G-HAT-B-Demo/Raspberry/python/FTP) by extensions ['python_setup_py']
[0.294s] Level 1:colcon.colcon_core.package_identification:_identify(waveshare/SIM7600G-H-4G-HAT-B-Demo/Raspberry/python/FTP) by extension 'python_setup_py'
[0.294s] Level 1:colcon.colcon_core.package_identification:_identify(waveshare/SIM7600G-H-4G-HAT-B-Demo/Raspberry/python/GPS) by extensions ['ignore', 'ignore_ament_install']
[0.294s] Level 1:colcon.colcon_core.package_identification:_identify(waveshare/SIM7600G-H-4G-HAT-B-Demo/Raspberry/python/GPS) by extension 'ignore'
[0.294s] Level 1:colcon.colcon_core.package_identification:_identify(waveshare/SIM7600G-H-4G-HAT-B-Demo/Raspberry/python/GPS) by extension 'ignore_ament_install'
[0.294s] Level 1:colcon.colcon_core.package_identification:_identify(waveshare/SIM7600G-H-4G-HAT-B-Demo/Raspberry/python/GPS) by extensions ['colcon_pkg']
[0.294s] Level 1:colcon.colcon_core.package_identification:_identify(waveshare/SIM7600G-H-4G-HAT-B-Demo/Raspberry/python/GPS) by extension 'colcon_pkg'
[0.294s] Level 1:colcon.colcon_core.package_identification:_identify(waveshare/SIM7600G-H-4G-HAT-B-Demo/Raspberry/python/GPS) by extensions ['colcon_meta']
[0.294s] Level 1:colcon.colcon_core.package_identification:_identify(waveshare/SIM7600G-H-4G-HAT-B-Demo/Raspberry/python/GPS) by extension 'colcon_meta'
[0.294s] Level 1:colcon.colcon_core.package_identification:_identify(waveshare/SIM7600G-H-4G-HAT-B-Demo/Raspberry/python/GPS) by extensions ['ros']
[0.294s] Level 1:colcon.colcon_core.package_identification:_identify(waveshare/SIM7600G-H-4G-HAT-B-Demo/Raspberry/python/GPS) by extension 'ros'
[0.294s] Level 1:colcon.colcon_core.package_identification:_identify(waveshare/SIM7600G-H-4G-HAT-B-Demo/Raspberry/python/GPS) by extensions ['cmake', 'python']
[0.294s] Level 1:colcon.colcon_core.package_identification:_identify(waveshare/SIM7600G-H-4G-HAT-B-Demo/Raspberry/python/GPS) by extension 'cmake'
[0.294s] Level 1:colcon.colcon_core.package_identification:_identify(waveshare/SIM7600G-H-4G-HAT-B-Demo/Raspberry/python/GPS) by extension 'python'
[0.294s] Level 1:colcon.colcon_core.package_identification:_identify(waveshare/SIM7600G-H-4G-HAT-B-Demo/Raspberry/python/GPS) by extensions ['python_setup_py']
[0.295s] Level 1:colcon.colcon_core.package_identification:_identify(waveshare/SIM7600G-H-4G-HAT-B-Demo/Raspberry/python/GPS) by extension 'python_setup_py'
[0.295s] Level 1:colcon.colcon_core.package_identification:_identify(waveshare/SIM7600G-H-4G-HAT-B-Demo/Raspberry/python/PhoneCall) by extensions ['ignore', 'ignore_ament_install']
[0.295s] Level 1:colcon.colcon_core.package_identification:_identify(waveshare/SIM7600G-H-4G-HAT-B-Demo/Raspberry/python/PhoneCall) by extension 'ignore'
[0.295s] Level 1:colcon.colcon_core.package_identification:_identify(waveshare/SIM7600G-H-4G-HAT-B-Demo/Raspberry/python/PhoneCall) by extension 'ignore_ament_install'
[0.295s] Level 1:colcon.colcon_core.package_identification:_identify(waveshare/SIM7600G-H-4G-HAT-B-Demo/Raspberry/python/PhoneCall) by extensions ['colcon_pkg']
[0.295s] Level 1:colcon.colcon_core.package_identification:_identify(waveshare/SIM7600G-H-4G-HAT-B-Demo/Raspberry/python/PhoneCall) by extension 'colcon_pkg'
[0.295s] Level 1:colcon.colcon_core.package_identification:_identify(waveshare/SIM7600G-H-4G-HAT-B-Demo/Raspberry/python/PhoneCall) by extensions ['colcon_meta']
[0.295s] Level 1:colcon.colcon_core.package_identification:_identify(waveshare/SIM7600G-H-4G-HAT-B-Demo/Raspberry/python/PhoneCall) by extension 'colcon_meta'
[0.295s] Level 1:colcon.colcon_core.package_identification:_identify(waveshare/SIM7600G-H-4G-HAT-B-Demo/Raspberry/python/PhoneCall) by extensions ['ros']
[0.295s] Level 1:colcon.colcon_core.package_identification:_identify(waveshare/SIM7600G-H-4G-HAT-B-Demo/Raspberry/python/PhoneCall) by extension 'ros'
[0.295s] Level 1:colcon.colcon_core.package_identification:_identify(waveshare/SIM7600G-H-4G-HAT-B-Demo/Raspberry/python/PhoneCall) by extensions ['cmake', 'python']
[0.295s] Level 1:colcon.colcon_core.package_identification:_identify(waveshare/SIM7600G-H-4G-HAT-B-Demo/Raspberry/python/PhoneCall) by extension 'cmake'
[0.295s] Level 1:colcon.colcon_core.package_identification:_identify(waveshare/SIM7600G-H-4G-HAT-B-Demo/Raspberry/python/PhoneCall) by extension 'python'
[0.295s] Level 1:colcon.colcon_core.package_identification:_identify(waveshare/SIM7600G-H-4G-HAT-B-Demo/Raspberry/python/PhoneCall) by extensions ['python_setup_py']
[0.295s] Level 1:colcon.colcon_core.package_identification:_identify(waveshare/SIM7600G-H-4G-HAT-B-Demo/Raspberry/python/PhoneCall) by extension 'python_setup_py'
[0.295s] Level 1:colcon.colcon_core.package_identification:_identify(waveshare/SIM7600G-H-4G-HAT-B-Demo/Raspberry/python/SMS) by extensions ['ignore', 'ignore_ament_install']
[0.295s] Level 1:colcon.colcon_core.package_identification:_identify(waveshare/SIM7600G-H-4G-HAT-B-Demo/Raspberry/python/SMS) by extension 'ignore'
[0.295s] Level 1:colcon.colcon_core.package_identification:_identify(waveshare/SIM7600G-H-4G-HAT-B-Demo/Raspberry/python/SMS) by extension 'ignore_ament_install'
[0.295s] Level 1:colcon.colcon_core.package_identification:_identify(waveshare/SIM7600G-H-4G-HAT-B-Demo/Raspberry/python/SMS) by extensions ['colcon_pkg']
[0.295s] Level 1:colcon.colcon_core.package_identification:_identify(waveshare/SIM7600G-H-4G-HAT-B-Demo/Raspberry/python/SMS) by extension 'colcon_pkg'
[0.295s] Level 1:colcon.colcon_core.package_identification:_identify(waveshare/SIM7600G-H-4G-HAT-B-Demo/Raspberry/python/SMS) by extensions ['colcon_meta']
[0.295s] Level 1:colcon.colcon_core.package_identification:_identify(waveshare/SIM7600G-H-4G-HAT-B-Demo/Raspberry/python/SMS) by extension 'colcon_meta'
[0.296s] Level 1:colcon.colcon_core.package_identification:_identify(waveshare/SIM7600G-H-4G-HAT-B-Demo/Raspberry/python/SMS) by extensions ['ros']
[0.296s] Level 1:colcon.colcon_core.package_identification:_identify(waveshare/SIM7600G-H-4G-HAT-B-Demo/Raspberry/python/SMS) by extension 'ros'
[0.296s] Level 1:colcon.colcon_core.package_identification:_identify(waveshare/SIM7600G-H-4G-HAT-B-Demo/Raspberry/python/SMS) by extensions ['cmake', 'python']
[0.296s] Level 1:colcon.colcon_core.package_identification:_identify(waveshare/SIM7600G-H-4G-HAT-B-Demo/Raspberry/python/SMS) by extension 'cmake'
[0.296s] Level 1:colcon.colcon_core.package_identification:_identify(waveshare/SIM7600G-H-4G-HAT-B-Demo/Raspberry/python/SMS) by extension 'python'
[0.296s] Level 1:colcon.colcon_core.package_identification:_identify(waveshare/SIM7600G-H-4G-HAT-B-Demo/Raspberry/python/SMS) by extensions ['python_setup_py']
[0.296s] Level 1:colcon.colcon_core.package_identification:_identify(waveshare/SIM7600G-H-4G-HAT-B-Demo/Raspberry/python/SMS) by extension 'python_setup_py'
[0.296s] Level 1:colcon.colcon_core.package_identification:_identify(waveshare/SIM7600G-H-4G-HAT-B-Demo/Raspberry/python/TCP) by extensions ['ignore', 'ignore_ament_install']
[0.296s] Level 1:colcon.colcon_core.package_identification:_identify(waveshare/SIM7600G-H-4G-HAT-B-Demo/Raspberry/python/TCP) by extension 'ignore'
[0.296s] Level 1:colcon.colcon_core.package_identification:_identify(waveshare/SIM7600G-H-4G-HAT-B-Demo/Raspberry/python/TCP) by extension 'ignore_ament_install'
[0.296s] Level 1:colcon.colcon_core.package_identification:_identify(waveshare/SIM7600G-H-4G-HAT-B-Demo/Raspberry/python/TCP) by extensions ['colcon_pkg']
[0.296s] Level 1:colcon.colcon_core.package_identification:_identify(waveshare/SIM7600G-H-4G-HAT-B-Demo/Raspberry/python/TCP) by extension 'colcon_pkg'
[0.296s] Level 1:colcon.colcon_core.package_identification:_identify(waveshare/SIM7600G-H-4G-HAT-B-Demo/Raspberry/python/TCP) by extensions ['colcon_meta']
[0.296s] Level 1:colcon.colcon_core.package_identification:_identify(waveshare/SIM7600G-H-4G-HAT-B-Demo/Raspberry/python/TCP) by extension 'colcon_meta'
[0.296s] Level 1:colcon.colcon_core.package_identification:_identify(waveshare/SIM7600G-H-4G-HAT-B-Demo/Raspberry/python/TCP) by extensions ['ros']
[0.296s] Level 1:colcon.colcon_core.package_identification:_identify(waveshare/SIM7600G-H-4G-HAT-B-Demo/Raspberry/python/TCP) by extension 'ros'
[0.296s] Level 1:colcon.colcon_core.package_identification:_identify(waveshare/SIM7600G-H-4G-HAT-B-Demo/Raspberry/python/TCP) by extensions ['cmake', 'python']
[0.296s] Level 1:colcon.colcon_core.package_identification:_identify(waveshare/SIM7600G-H-4G-HAT-B-Demo/Raspberry/python/TCP) by extension 'cmake'
[0.296s] Level 1:colcon.colcon_core.package_identification:_identify(waveshare/SIM7600G-H-4G-HAT-B-Demo/Raspberry/python/TCP) by extension 'python'
[0.296s] Level 1:colcon.colcon_core.package_identification:_identify(waveshare/SIM7600G-H-4G-HAT-B-Demo/Raspberry/python/TCP) by extensions ['python_setup_py']
[0.296s] Level 1:colcon.colcon_core.package_identification:_identify(waveshare/SIM7600G-H-4G-HAT-B-Demo/Raspberry/python/TCP) by extension 'python_setup_py'
[0.296s] Level 1:colcon.colcon_core.package_discovery:discover_packages(recursive) using defaults
[0.296s] Level 1:colcon.colcon_core.package_discovery:discover_packages(ignore) discover
[0.296s] Level 1:colcon.colcon_core.package_discovery:discover_packages(ignore) using defaults
[0.296s] Level 1:colcon.colcon_core.package_discovery:discover_packages(path) discover
[0.297s] Level 1:colcon.colcon_core.package_discovery:discover_packages(path) using defaults
[0.312s] Level 1:colcon.colcon_core.package_discovery:discover_packages(prefix_path) check parameters
[0.312s] Level 1:colcon.colcon_core.package_discovery:discover_packages(prefix_path) discover
[0.313s] DEBUG:colcon.colcon_installed_package_information.package_discovery:Found 1 installed packages in /home/eelis/Desktop/underwaterAutonomousRobot/ros2_ws/install
[0.314s] DEBUG:colcon.colcon_installed_package_information.package_discovery:Found 271 installed packages in /opt/ros/humble
[0.315s] Level 1:colcon.colcon_core.package_discovery:discover_packages(prefix_path) using defaults
[0.346s] Level 5:colcon.colcon_core.verb:set package 'my_robot_package' build argument 'cmake_args' from command line to 'None'
[0.346s] Level 5:colcon.colcon_core.verb:set package 'my_robot_package' build argument 'cmake_target' from command line to 'None'
[0.346s] Level 5:colcon.colcon_core.verb:set package 'my_robot_package' build argument 'cmake_target_skip_unavailable' from command line to 'False'
[0.347s] Level 5:colcon.colcon_core.verb:set package 'my_robot_package' build argument 'cmake_clean_cache' from command line to 'False'
[0.347s] Level 5:colcon.colcon_core.verb:set package 'my_robot_package' build argument 'cmake_clean_first' from command line to 'False'
[0.347s] Level 5:colcon.colcon_core.verb:set package 'my_robot_package' build argument 'cmake_force_configure' from command line to 'False'
[0.347s] Level 5:colcon.colcon_core.verb:set package 'my_robot_package' build argument 'ament_cmake_args' from command line to 'None'
[0.347s] Level 5:colcon.colcon_core.verb:set package 'my_robot_package' build argument 'catkin_cmake_args' from command line to 'None'
[0.347s] Level 5:colcon.colcon_core.verb:set package 'my_robot_package' build argument 'catkin_skip_building_tests' from command line to 'False'
[0.347s] DEBUG:colcon.colcon_core.verb:Building package 'my_robot_package' with the following arguments: {'ament_cmake_args': None, 'build_base': '/home/eelis/Desktop/underwaterAutonomousRobot/build/my_robot_package', 'catkin_cmake_args': None, 'catkin_skip_building_tests': False, 'cmake_args': None, 'cmake_clean_cache': False, 'cmake_clean_first': False, 'cmake_force_configure': False, 'cmake_target': None, 'cmake_target_skip_unavailable': False, 'install_base': '/home/eelis/Desktop/underwaterAutonomousRobot/install/my_robot_package', 'merge_install': False, 'path': '/home/eelis/Desktop/underwaterAutonomousRobot/ros2_ws/src/my_robot_package', 'symlink_install': True, 'test_result_base': None}
[0.347s] INFO:colcon.colcon_core.executor:Executing jobs using 'parallel' executor
[0.347s] DEBUG:colcon.colcon_parallel_executor.executor.parallel:run_until_complete
[0.348s] INFO:colcon.colcon_ros.task.ament_cmake.build:Building ROS package in '/home/eelis/Desktop/underwaterAutonomousRobot/ros2_ws/src/my_robot_package' with build type 'ament_cmake'
[0.348s] INFO:colcon.colcon_cmake.task.cmake.build:Building CMake package in '/home/eelis/Desktop/underwaterAutonomousRobot/ros2_ws/src/my_robot_package'
[0.349s] INFO:colcon.colcon_core.plugin_system:Skipping extension 'colcon_core.shell.bat': Not used on non-Windows systems
[0.349s] INFO:colcon.colcon_core.shell:Skip shell extension 'powershell' for command environment: Not usable outside of PowerShell
[0.349s] DEBUG:colcon.colcon_core.shell:Skip shell extension 'dsv' for command environment
[0.355s] DEBUG:colcon.colcon_core.event_handler.log_command:Invoking command in '/home/eelis/Desktop/underwaterAutonomousRobot/build/my_robot_package': CMAKE_PREFIX_PATH=${CMAKE_PREFIX_PATH}:/opt/ros/humble /usr/bin/cmake /home/eelis/Desktop/underwaterAutonomousRobot/ros2_ws/src/my_robot_package -DAMENT_CMAKE_SYMLINK_INSTALL=1 -DCMAKE_INSTALL_PREFIX=/home/eelis/Desktop/underwaterAutonomousRobot/install/my_robot_package
[1.011s] DEBUG:colcon.colcon_core.event_handler.log_command:Invoked command in '/home/eelis/Desktop/underwaterAutonomousRobot/build/my_robot_package' returned '0': CMAKE_PREFIX_PATH=${CMAKE_PREFIX_PATH}:/opt/ros/humble /usr/bin/cmake /home/eelis/Desktop/underwaterAutonomousRobot/ros2_ws/src/my_robot_package -DAMENT_CMAKE_SYMLINK_INSTALL=1 -DCMAKE_INSTALL_PREFIX=/home/eelis/Desktop/underwaterAutonomousRobot/install/my_robot_package
[1.012s] DEBUG:colcon.colcon_core.event_handler.log_command:Invoking command in '/home/eelis/Desktop/underwaterAutonomousRobot/build/my_robot_package': CMAKE_PREFIX_PATH=${CMAKE_PREFIX_PATH}:/opt/ros/humble /usr/bin/cmake --build /home/eelis/Desktop/underwaterAutonomousRobot/build/my_robot_package -- -j4 -l4
[1.040s] DEBUG:colcon.colcon_core.event_handler.log_command:Invoked command in '/home/eelis/Desktop/underwaterAutonomousRobot/build/my_robot_package' returned '0': CMAKE_PREFIX_PATH=${CMAKE_PREFIX_PATH}:/opt/ros/humble /usr/bin/cmake --build /home/eelis/Desktop/underwaterAutonomousRobot/build/my_robot_package -- -j4 -l4
[1.047s] DEBUG:colcon.colcon_core.event_handler.log_command:Invoking command in '/home/eelis/Desktop/underwaterAutonomousRobot/build/my_robot_package': CMAKE_PREFIX_PATH=${CMAKE_PREFIX_PATH}:/opt/ros/humble /usr/bin/cmake --install /home/eelis/Desktop/underwaterAutonomousRobot/build/my_robot_package
[1.186s] Level 1:colcon.colcon_core.environment:create_environment_scripts_only(my_robot_package)
[1.187s] DEBUG:colcon.colcon_core.event_handler.log_command:Invoked command in '/home/eelis/Desktop/underwaterAutonomousRobot/build/my_robot_package' returned '0': CMAKE_PREFIX_PATH=${CMAKE_PREFIX_PATH}:/opt/ros/humble /usr/bin/cmake --install /home/eelis/Desktop/underwaterAutonomousRobot/build/my_robot_package
[1.188s] Level 1:colcon.colcon_core.environment:checking '/home/eelis/Desktop/underwaterAutonomousRobot/install/my_robot_package' for CMake module files
[1.189s] Level 1:colcon.colcon_core.environment:checking '/home/eelis/Desktop/underwaterAutonomousRobot/install/my_robot_package' for CMake config files
[1.189s] Level 1:colcon.colcon_core.shell:create_environment_hook('my_robot_package', 'cmake_prefix_path')
[1.189s] INFO:colcon.colcon_core.shell:Creating environment hook '/home/eelis/Desktop/underwaterAutonomousRobot/install/my_robot_package/share/my_robot_package/hook/cmake_prefix_path.ps1'
[1.190s] INFO:colcon.colcon_core.shell:Creating environment descriptor '/home/eelis/Desktop/underwaterAutonomousRobot/install/my_robot_package/share/my_robot_package/hook/cmake_prefix_path.dsv'
[1.190s] INFO:colcon.colcon_core.shell:Creating environment hook '/home/eelis/Desktop/underwaterAutonomousRobot/install/my_robot_package/share/my_robot_package/hook/cmake_prefix_path.sh'
[1.191s] Level 1:colcon.colcon_core.environment:checking '/home/eelis/Desktop/underwaterAutonomousRobot/install/my_robot_package/lib'
[1.191s] Level 1:colcon.colcon_core.environment:checking '/home/eelis/Desktop/underwaterAutonomousRobot/install/my_robot_package/bin'
[1.191s] Level 1:colcon.colcon_core.environment:checking '/home/eelis/Desktop/underwaterAutonomousRobot/install/my_robot_package/lib/pkgconfig/my_robot_package.pc'
[1.191s] Level 1:colcon.colcon_core.environment:checking '/home/eelis/Desktop/underwaterAutonomousRobot/install/my_robot_package/lib/python3.10/site-packages'
[1.191s] Level 1:colcon.colcon_core.environment:checking '/home/eelis/Desktop/underwaterAutonomousRobot/install/my_robot_package/bin'
[1.192s] INFO:colcon.colcon_core.shell:Creating package script '/home/eelis/Desktop/underwaterAutonomousRobot/install/my_robot_package/share/my_robot_package/package.ps1'
[1.192s] INFO:colcon.colcon_core.shell:Creating package descriptor '/home/eelis/Desktop/underwaterAutonomousRobot/install/my_robot_package/share/my_robot_package/package.dsv'
[1.193s] INFO:colcon.colcon_core.shell:Creating package script '/home/eelis/Desktop/underwaterAutonomousRobot/install/my_robot_package/share/my_robot_package/package.sh'
[1.193s] INFO:colcon.colcon_core.shell:Creating package script '/home/eelis/Desktop/underwaterAutonomousRobot/install/my_robot_package/share/my_robot_package/package.bash'
[1.194s] INFO:colcon.colcon_core.shell:Creating package script '/home/eelis/Desktop/underwaterAutonomousRobot/install/my_robot_package/share/my_robot_package/package.zsh'
[1.194s] Level 1:colcon.colcon_core.environment:create_file_with_runtime_dependencies(/home/eelis/Desktop/underwaterAutonomousRobot/install/my_robot_package/share/colcon-core/packages/my_robot_package)
[1.195s] Level 1:colcon.colcon_core.environment:create_environment_scripts_only(my_robot_package)
[1.195s] Level 1:colcon.colcon_core.environment:checking '/home/eelis/Desktop/underwaterAutonomousRobot/install/my_robot_package' for CMake module files
[1.195s] Level 1:colcon.colcon_core.environment:checking '/home/eelis/Desktop/underwaterAutonomousRobot/install/my_robot_package' for CMake config files
[1.195s] Level 1:colcon.colcon_core.shell:create_environment_hook('my_robot_package', 'cmake_prefix_path')
[1.196s] INFO:colcon.colcon_core.shell:Creating environment hook '/home/eelis/Desktop/underwaterAutonomousRobot/install/my_robot_package/share/my_robot_package/hook/cmake_prefix_path.ps1'
[1.196s] INFO:colcon.colcon_core.shell:Creating environment descriptor '/home/eelis/Desktop/underwaterAutonomousRobot/install/my_robot_package/share/my_robot_package/hook/cmake_prefix_path.dsv'
[1.196s] INFO:colcon.colcon_core.shell:Creating environment hook '/home/eelis/Desktop/underwaterAutonomousRobot/install/my_robot_package/share/my_robot_package/hook/cmake_prefix_path.sh'
[1.197s] Level 1:colcon.colcon_core.environment:checking '/home/eelis/Desktop/underwaterAutonomousRobot/install/my_robot_package/lib'
[1.197s] Level 1:colcon.colcon_core.environment:checking '/home/eelis/Desktop/underwaterAutonomousRobot/install/my_robot_package/bin'
[1.197s] Level 1:colcon.colcon_core.environment:checking '/home/eelis/Desktop/underwaterAutonomousRobot/install/my_robot_package/lib/pkgconfig/my_robot_package.pc'
[1.197s] Level 1:colcon.colcon_core.environment:checking '/home/eelis/Desktop/underwaterAutonomousRobot/install/my_robot_package/lib/python3.10/site-packages'
[1.197s] Level 1:colcon.colcon_core.environment:checking '/home/eelis/Desktop/underwaterAutonomousRobot/install/my_robot_package/bin'
[1.197s] INFO:colcon.colcon_core.shell:Creating package script '/home/eelis/Desktop/underwaterAutonomousRobot/install/my_robot_package/share/my_robot_package/package.ps1'
[1.198s] INFO:colcon.colcon_core.shell:Creating package descriptor '/home/eelis/Desktop/underwaterAutonomousRobot/install/my_robot_package/share/my_robot_package/package.dsv'
[1.198s] INFO:colcon.colcon_core.shell:Creating package script '/home/eelis/Desktop/underwaterAutonomousRobot/install/my_robot_package/share/my_robot_package/package.sh'
[1.199s] INFO:colcon.colcon_core.shell:Creating package script '/home/eelis/Desktop/underwaterAutonomousRobot/install/my_robot_package/share/my_robot_package/package.bash'
[1.199s] INFO:colcon.colcon_core.shell:Creating package script '/home/eelis/Desktop/underwaterAutonomousRobot/install/my_robot_package/share/my_robot_package/package.zsh'
[1.199s] Level 1:colcon.colcon_core.environment:create_file_with_runtime_dependencies(/home/eelis/Desktop/underwaterAutonomousRobot/install/my_robot_package/share/colcon-core/packages/my_robot_package)
[1.199s] DEBUG:colcon.colcon_parallel_executor.executor.parallel:closing loop
[1.200s] DEBUG:colcon.colcon_parallel_executor.executor.parallel:loop closed
[1.200s] DEBUG:colcon.colcon_parallel_executor.executor.parallel:run_until_complete finished with '0'
[1.200s] DEBUG:colcon.colcon_core.event_reactor:joining thread
[1.204s] INFO:colcon.colcon_core.plugin_system:Skipping extension 'colcon_notification.desktop_notification.terminal_notifier': Not used on non-Darwin systems
[1.204s] INFO:colcon.colcon_core.plugin_system:Skipping extension 'colcon_notification.desktop_notification.win32': Not used on non-Windows systems
[1.204s] INFO:colcon.colcon_notification.desktop_notification:Sending desktop notification using 'notify2'
[1.221s] DEBUG:colcon.colcon_core.event_reactor:joined thread
[1.222s] INFO:colcon.colcon_core.shell:Creating prefix script '/home/eelis/Desktop/underwaterAutonomousRobot/install/local_setup.ps1'
[1.223s] INFO:colcon.colcon_core.shell:Creating prefix util module '/home/eelis/Desktop/underwaterAutonomousRobot/install/_local_setup_util_ps1.py'
[1.225s] INFO:colcon.colcon_core.shell:Creating prefix chain script '/home/eelis/Desktop/underwaterAutonomousRobot/install/setup.ps1'
[1.226s] INFO:colcon.colcon_core.shell:Creating prefix script '/home/eelis/Desktop/underwaterAutonomousRobot/install/local_setup.sh'
[1.226s] INFO:colcon.colcon_core.shell:Creating prefix util module '/home/eelis/Desktop/underwaterAutonomousRobot/install/_local_setup_util_sh.py'
[1.226s] INFO:colcon.colcon_core.shell:Creating prefix chain script '/home/eelis/Desktop/underwaterAutonomousRobot/install/setup.sh'
[1.227s] INFO:colcon.colcon_core.shell:Creating prefix script '/home/eelis/Desktop/underwaterAutonomousRobot/install/local_setup.bash'
[1.228s] INFO:colcon.colcon_core.shell:Creating prefix chain script '/home/eelis/Desktop/underwaterAutonomousRobot/install/setup.bash'
[1.229s] INFO:colcon.colcon_core.shell:Creating prefix script '/home/eelis/Desktop/underwaterAutonomousRobot/install/local_setup.zsh'
[1.229s] INFO:colcon.colcon_core.shell:Creating prefix chain script '/home/eelis/Desktop/underwaterAutonomousRobot/install/setup.zsh'
