-- The C compiler identification is GNU 11.4.0
-- The CXX compiler identification is GNU 11.4.0
-- Detecting C compiler ABI info
-- Detecting C compiler ABI info - done
-- Check for working C compiler: /usr/bin/cc - skipped
-- Detecting C compile features
-- Detecting C compile features - done
-- Detecting CXX compiler ABI info
-- Detecting CXX compiler ABI info - done
-- Check for working CXX compiler: /usr/bin/c++ - skipped
-- Detecting CXX compile features
-- Detecting CXX compile features - done
-- Found ament_cmake: 1.3.11 (/opt/ros/humble/share/ament_cmake/cmake)
-- Found Python3: /usr/bin/python3 (found version "3.10.12") found components: Interpreter 
-- Override CMake install command with custom implementation using symlinks instead of copying resources
-- Found rclpy: 3.3.16 (/opt/ros/humble/share/rclpy/cmake)
-- Found std_msgs: 4.8.0 (/opt/ros/humble/share/std_msgs/cmake)
-- Found rosidl_generator_c: 3.1.6 (/opt/ros/humble/share/rosidl_generator_c/cmake)
-- Found rosidl_adapter: 3.1.6 (/opt/ros/humble/share/rosidl_adapter/cmake)
-- Found rosidl_generator_cpp: 3.1.6 (/opt/ros/humble/share/rosidl_generator_cpp/cmake)
-- Using all available rosidl_typesupport_c: rosidl_typesupport_fastrtps_c;rosidl_typesupport_introspection_c
-- Using all available rosidl_typesupport_cpp: rosidl_typesupport_fastrtps_cpp;rosidl_typesupport_introspection_cpp
-- Found ament_lint_auto: 0.12.12 (/opt/ros/humble/share/ament_lint_auto/cmake)
-- Found python_cmake_module: 0.10.0 (/opt/ros/humble/share/python_cmake_module/cmake)
-- Found PythonInterp: /usr/bin/python3 (found suitable version "3.10.12", minimum required is "3.6") 
-- Found PythonLibs: /usr/lib/x86_64-linux-gnu/libpython3.10.so (found suitable version "3.10.12", minimum required is "3.5") 
-- Using PYTHON_EXECUTABLE: /usr/bin/python3
-- Using PYTHON_INCLUDE_DIRS: /usr/include/python3.10
-- Using PYTHON_LIBRARIES: /usr/lib/x86_64-linux-gnu/libpython3.10.so
-- Found PythonExtra: .so  
-- Added test 'copyright' to check source files copyright and LICENSE
-- Added test 'flake8' to check Python code syntax and style conventions
-- Added test 'lint_cmake' to check CMake code style
-- Added test 'pep257' to check Python code against some of the docstring style conventions in PEP 257
-- Added test 'xmllint' to check XML markup files
-- Configuring done
-- Generating done
-- Build files have been written to: /home/eelis/Desktop/underwaterAutonomousRobot/build/my_robot_package
-- Install configuration: ""
-- Execute custom install script
-- Symlinking: /home/eelis/Desktop/underwaterAutonomousRobot/install/my_robot_package/share/my_robot_package/launch/robot_launch.py
-- Symlinking: /home/eelis/Desktop/underwaterAutonomousRobot/install/my_robot_package/share/my_robot_package/urdf/float.urdf
-- Symlinking: /home/eelis/Desktop/underwaterAutonomousRobot/install/my_robot_package/lib/my_robot_package/ctd.py
-- Symlinking: /home/eelis/Desktop/underwaterAutonomousRobot/install/my_robot_package/lib/my_robot_package/dvl.py
-- Symlinking: /home/eelis/Desktop/underwaterAutonomousRobot/install/my_robot_package/lib/my_robot_package/gnss.py
-- Symlinking: /home/eelis/Desktop/underwaterAutonomousRobot/install/my_robot_package/lib/my_robot_package/float_simulator.py
-- Symlinking: /home/eelis/Desktop/underwaterAutonomousRobot/install/my_robot_package/share/ament_index/resource_index/package_run_dependencies/my_robot_package
-- Symlinking: /home/eelis/Desktop/underwaterAutonomousRobot/install/my_robot_package/share/ament_index/resource_index/parent_prefix_path/my_robot_package
-- Symlinking: /home/eelis/Desktop/underwaterAutonomousRobot/install/my_robot_package/share/my_robot_package/environment/ament_prefix_path.sh
-- Symlinking: /home/eelis/Desktop/underwaterAutonomousRobot/install/my_robot_package/share/my_robot_package/environment/ament_prefix_path.dsv
-- Symlinking: /home/eelis/Desktop/underwaterAutonomousRobot/install/my_robot_package/share/my_robot_package/environment/path.sh
-- Symlinking: /home/eelis/Desktop/underwaterAutonomousRobot/install/my_robot_package/share/my_robot_package/environment/path.dsv
-- Symlinking: /home/eelis/Desktop/underwaterAutonomousRobot/install/my_robot_package/share/my_robot_package/local_setup.bash
-- Symlinking: /home/eelis/Desktop/underwaterAutonomousRobot/install/my_robot_package/share/my_robot_package/local_setup.sh
-- Symlinking: /home/eelis/Desktop/underwaterAutonomousRobot/install/my_robot_package/share/my_robot_package/local_setup.zsh
-- Symlinking: /home/eelis/Desktop/underwaterAutonomousRobot/install/my_robot_package/share/my_robot_package/local_setup.dsv
-- Symlinking: /home/eelis/Desktop/underwaterAutonomousRobot/install/my_robot_package/share/my_robot_package/package.dsv
-- Symlinking: /home/eelis/Desktop/underwaterAutonomousRobot/install/my_robot_package/share/ament_index/resource_index/packages/my_robot_package
-- Symlinking: /home/eelis/Desktop/underwaterAutonomousRobot/install/my_robot_package/share/my_robot_package/cmake/my_robot_packageConfig.cmake
-- Symlinking: /home/eelis/Desktop/underwaterAutonomousRobot/install/my_robot_package/share/my_robot_package/cmake/my_robot_packageConfig-version.cmake
-- Symlinking: /home/eelis/Desktop/underwaterAutonomousRobot/install/my_robot_package/share/my_robot_package/package.xml
