[0.007s] Invoking command in '/home/eelis/Desktop/underwaterAutonomousRobot/build/my_robot_package': CMAKE_PREFIX_PATH=${CMAKE_PREFIX_PATH}:/opt/ros/humble /usr/bin/cmake /home/eelis/Desktop/underwaterAutonomousRobot/ros2_ws/src/my_robot_package -DAMENT_CMAKE_SYMLINK_INSTALL=1 -DCMAKE_INSTALL_PREFIX=/home/eelis/Desktop/underwaterAutonomousRobot/install/my_robot_package
[0.048s] -- The C compiler identification is GNU 11.4.0
[0.092s] -- The CXX compiler identification is GNU 11.4.0
[0.098s] -- Detecting C compiler ABI info
[0.150s] -- Detecting C compiler ABI info - done
[0.156s] -- Check for working C compiler: /usr/bin/cc - skipped
[0.156s] -- Detecting C compile features
[0.156s] -- Detecting C compile features - done
[0.159s] -- Detecting CXX compiler ABI info
[0.219s] -- Detecting CXX compiler ABI info - done
[0.225s] -- Check for working CXX compiler: /usr/bin/c++ - skipped
[0.225s] -- Detecting CXX compile features
[0.226s] -- Detecting CXX compile features - done
[0.228s] -- Found ament_cmake: 1.3.11 (/opt/ros/humble/share/ament_cmake/cmake)
[0.347s] -- Found Python3: /usr/bin/python3 (found version "3.10.12") found components: Interpreter 
[0.398s] -- Override CMake install command with custom implementation using symlinks instead of copying resources
[0.417s] -- Found rclpy: 3.3.16 (/opt/ros/humble/share/rclpy/cmake)
[0.418s] -- Found std_msgs: 4.8.0 (/opt/ros/humble/share/std_msgs/cmake)
[0.446s] -- Found rosidl_generator_c: 3.1.6 (/opt/ros/humble/share/rosidl_generator_c/cmake)
[0.450s] -- Found rosidl_adapter: 3.1.6 (/opt/ros/humble/share/rosidl_adapter/cmake)
[0.456s] -- Found rosidl_generator_cpp: 3.1.6 (/opt/ros/humble/share/rosidl_generator_cpp/cmake)
[0.466s] -- Using all available rosidl_typesupport_c: rosidl_typesupport_fastrtps_c;rosidl_typesupport_introspection_c
[0.479s] -- Using all available rosidl_typesupport_cpp: rosidl_typesupport_fastrtps_cpp;rosidl_typesupport_introspection_cpp
[0.502s] -- Found ament_lint_auto: 0.12.12 (/opt/ros/humble/share/ament_lint_auto/cmake)
[0.577s] -- Found python_cmake_module: 0.10.0 (/opt/ros/humble/share/python_cmake_module/cmake)
[0.594s] -- Found PythonInterp: /usr/bin/python3 (found suitable version "3.10.12", minimum required is "3.6") 
[0.598s] -- Found PythonLibs: /usr/lib/x86_64-linux-gnu/libpython3.10.so (found suitable version "3.10.12", minimum required is "3.5") 
[0.598s] -- Using PYTHON_EXECUTABLE: /usr/bin/python3
[0.598s] -- Using PYTHON_INCLUDE_DIRS: /usr/include/python3.10
[0.598s] -- Using PYTHON_LIBRARIES: /usr/lib/x86_64-linux-gnu/libpython3.10.so
[0.615s] -- Found PythonExtra: .so  
[0.648s] -- Added test 'copyright' to check source files copyright and LICENSE
[0.650s] -- Added test 'flake8' to check Python code syntax and style conventions
[0.650s] -- Added test 'lint_cmake' to check CMake code style
[0.651s] -- Added test 'pep257' to check Python code against some of the docstring style conventions in PEP 257
[0.652s] -- Added test 'xmllint' to check XML markup files
[0.653s] -- Configuring done
[0.656s] -- Generating done
[0.658s] -- Build files have been written to: /home/eelis/Desktop/underwaterAutonomousRobot/build/my_robot_package
[0.662s] Invoked command in '/home/eelis/Desktop/underwaterAutonomousRobot/build/my_robot_package' returned '0': CMAKE_PREFIX_PATH=${CMAKE_PREFIX_PATH}:/opt/ros/humble /usr/bin/cmake /home/eelis/Desktop/underwaterAutonomousRobot/ros2_ws/src/my_robot_package -DAMENT_CMAKE_SYMLINK_INSTALL=1 -DCMAKE_INSTALL_PREFIX=/home/eelis/Desktop/underwaterAutonomousRobot/install/my_robot_package
[0.664s] Invoking command in '/home/eelis/Desktop/underwaterAutonomousRobot/build/my_robot_package': CMAKE_PREFIX_PATH=${CMAKE_PREFIX_PATH}:/opt/ros/humble /usr/bin/cmake --build /home/eelis/Desktop/underwaterAutonomousRobot/build/my_robot_package -- -j4 -l4
[0.692s] Invoked command in '/home/eelis/Desktop/underwaterAutonomousRobot/build/my_robot_package' returned '0': CMAKE_PREFIX_PATH=${CMAKE_PREFIX_PATH}:/opt/ros/humble /usr/bin/cmake --build /home/eelis/Desktop/underwaterAutonomousRobot/build/my_robot_package -- -j4 -l4
[0.699s] Invoking command in '/home/eelis/Desktop/underwaterAutonomousRobot/build/my_robot_package': CMAKE_PREFIX_PATH=${CMAKE_PREFIX_PATH}:/opt/ros/humble /usr/bin/cmake --install /home/eelis/Desktop/underwaterAutonomousRobot/build/my_robot_package
[0.705s] -- Install configuration: ""
[0.705s] -- Execute custom install script
[0.705s] -- Symlinking: /home/eelis/Desktop/underwaterAutonomousRobot/install/my_robot_package/share/my_robot_package/launch/robot_launch.py
[0.712s] -- Symlinking: /home/eelis/Desktop/underwaterAutonomousRobot/install/my_robot_package/share/my_robot_package/urdf/float.urdf
[0.718s] -- Symlinking: /home/eelis/Desktop/underwaterAutonomousRobot/install/my_robot_package/lib/my_robot_package/ctd.py
[0.724s] -- Symlinking: /home/eelis/Desktop/underwaterAutonomousRobot/install/my_robot_package/lib/my_robot_package/dvl.py
[0.731s] -- Symlinking: /home/eelis/Desktop/underwaterAutonomousRobot/install/my_robot_package/lib/my_robot_package/gnss.py
[0.737s] -- Symlinking: /home/eelis/Desktop/underwaterAutonomousRobot/install/my_robot_package/lib/my_robot_package/float_simulator.py
[0.743s] -- Symlinking: /home/eelis/Desktop/underwaterAutonomousRobot/install/my_robot_package/share/ament_index/resource_index/package_run_dependencies/my_robot_package
[0.749s] -- Symlinking: /home/eelis/Desktop/underwaterAutonomousRobot/install/my_robot_package/share/ament_index/resource_index/parent_prefix_path/my_robot_package
[0.756s] -- Symlinking: /home/eelis/Desktop/underwaterAutonomousRobot/install/my_robot_package/share/my_robot_package/environment/ament_prefix_path.sh
[0.762s] -- Symlinking: /home/eelis/Desktop/underwaterAutonomousRobot/install/my_robot_package/share/my_robot_package/environment/ament_prefix_path.dsv
[0.768s] -- Symlinking: /home/eelis/Desktop/underwaterAutonomousRobot/install/my_robot_package/share/my_robot_package/environment/path.sh
[0.775s] -- Symlinking: /home/eelis/Desktop/underwaterAutonomousRobot/install/my_robot_package/share/my_robot_package/environment/path.dsv
[0.781s] -- Symlinking: /home/eelis/Desktop/underwaterAutonomousRobot/install/my_robot_package/share/my_robot_package/local_setup.bash
[0.787s] -- Symlinking: /home/eelis/Desktop/underwaterAutonomousRobot/install/my_robot_package/share/my_robot_package/local_setup.sh
[0.793s] -- Symlinking: /home/eelis/Desktop/underwaterAutonomousRobot/install/my_robot_package/share/my_robot_package/local_setup.zsh
[0.800s] -- Symlinking: /home/eelis/Desktop/underwaterAutonomousRobot/install/my_robot_package/share/my_robot_package/local_setup.dsv
[0.806s] -- Symlinking: /home/eelis/Desktop/underwaterAutonomousRobot/install/my_robot_package/share/my_robot_package/package.dsv
[0.812s] -- Symlinking: /home/eelis/Desktop/underwaterAutonomousRobot/install/my_robot_package/share/ament_index/resource_index/packages/my_robot_package
[0.818s] -- Symlinking: /home/eelis/Desktop/underwaterAutonomousRobot/install/my_robot_package/share/my_robot_package/cmake/my_robot_packageConfig.cmake
[0.825s] -- Symlinking: /home/eelis/Desktop/underwaterAutonomousRobot/install/my_robot_package/share/my_robot_package/cmake/my_robot_packageConfig-version.cmake
[0.831s] -- Symlinking: /home/eelis/Desktop/underwaterAutonomousRobot/install/my_robot_package/share/my_robot_package/package.xml
[0.839s] Invoked command in '/home/eelis/Desktop/underwaterAutonomousRobot/build/my_robot_package' returned '0': CMAKE_PREFIX_PATH=${CMAKE_PREFIX_PATH}:/opt/ros/humble /usr/bin/cmake --install /home/eelis/Desktop/underwaterAutonomousRobot/build/my_robot_package
